2021-06-19 16:08:49:631 [Appium] Welcome to Appium v1.20.2
2021-06-19 16:08:49:633 [Appium] Non-default server args:
2021-06-19 16:08:49:635 [Appium]   port: 22969
2021-06-19 16:08:49:635 [Appium]   sessionOverride: true
2021-06-19 16:08:49:635 [Appium]   logFile: C:\Users\Qadir\eclipse-workspace\Selenium Udemy\CucumberFramework\Android_Android_Pixel4\Server.log
2021-06-19 16:08:49:670 [Appium] Appium REST http interface listener started on 0.0.0.0:22969
2021-06-19 16:08:49:939 [HTTP] --> GET /wd/hub/status
2021-06-19 16:08:49:940 [HTTP] {}
2021-06-19 16:08:49:942 [GENERIC] Calling AppiumDriver.getStatus() with args: []
2021-06-19 16:08:49:943 [GENERIC] Responding to client with driver.getStatus() result: {"build":{"version":"1.20.2"}}
2021-06-19 16:08:49:949 [HTTP] <-- GET /wd/hub/status 200 8 ms - 68
2021-06-19 16:08:49:949 [HTTP] 
2021-06-19 16:08:49:956 [HTTP] --> GET /wd/hub/status
2021-06-19 16:08:49:956 [HTTP] {}
2021-06-19 16:08:49:956 [GENERIC] Calling AppiumDriver.getStatus() with args: []
2021-06-19 16:08:49:957 [GENERIC] Responding to client with driver.getStatus() result: {"build":{"version":"1.20.2"}}
2021-06-19 16:08:49:957 [HTTP] <-- GET /wd/hub/status 200 1 ms - 68
2021-06-19 16:08:49:958 [HTTP] 
2021-06-19 16:08:50:407 [HTTP] Request idempotency key: ec0eddfb-bc40-4438-9265-1118e4cc0ae2
2021-06-19 16:08:50:423 [HTTP] --> POST /wd/hub/session
2021-06-19 16:08:50:423 [HTTP] {"desiredCapabilities":{"app":"C:\\Users\\Qadir\\eclipse-workspace\\Selenium Udemy\\CucumberFramework\\src\\test\\resources\\apps\\Saucelabs.apk","appActivity":"com.swaglabsmobileapp.MainActivity","appPackage":"com.swaglabsmobileapp","automationName":"UIAutomator2","chromeDriverPort":"11000","platformName":"Android","udid":"emulator-5554","deviceName":"Android_Pixel4","systemPort":"10000"},"capabilities":{"firstMatch":[{"appium:app":"C:\\Users\\Qadir\\eclipse-workspace\\Selenium Udemy\\CucumberFramework\\src\\test\\resources\\apps\\Saucelabs.apk","appium:appActivity":"com.swaglabsmobileapp.MainActivity","appium:appPackage":"com.swaglabsmobileapp","appium:automationName":"UIAutomator2","chromeDriverPort":"11000","appium:deviceName":"Android_Pixel4","platformName":"android","appium:systemPort":"10000","appium:udid":"emulator-5554"}]}}
2021-06-19 16:08:50:425 [W3C] Calling AppiumDriver.createSession() with args: [{"app":"C:\\Users\\Qadir\\eclipse-workspace\\Selenium Udemy\\CucumberFramework\\src\\test\\resources\\apps\\Saucelabs.apk","appActivity":"com.swaglabsmobileapp.MainActivity","appPackage":"com.swaglabsmobileapp","automationName":"UIAutomator2","chromeDriverPort":"11000","platformName":"Android","udid":"emulator-5554","deviceName":"Android_Pixel4","systemPort":"10000"},null,{"firstMatch":[{"appium:app":"C:\\Users\\Qadir\\eclipse-workspace\\Selenium Udemy\\CucumberFramework\\src\\test\\resources\\apps\\Saucelabs.apk","appium:appActivity":"com.swaglabsmobileapp.MainActivity","appium:appPackage":"com.swaglabsmobileapp","appium:automationName":"UIAutomator2","chromeDriverPort":"11000","appium:deviceName":"Android_Pixel4","platformName":"android","appium:systemPort":"10000","appium:udid":"emulator-5554"}]}]
2021-06-19 16:08:50:426 [BaseDriver] Event 'newSessionRequested' logged at 1624118930425 (12:08:50 GMT-0400 (Eastern Daylight Time))
2021-06-19 16:08:50:429 [BaseDriver] The following capabilities are not standard capabilities and should have an extension prefix:
2021-06-19 16:08:50:429 [BaseDriver]   chromeDriverPort
2021-06-19 16:08:50:862 [Appium] Appium v1.20.2 creating new AndroidUiautomator2Driver (v1.61.2) session
2021-06-19 16:08:50:862 [Appium] There are no active sessions for cleanup
2021-06-19 16:08:50:866 [BaseDriver] W3C capabilities and MJSONWP desired capabilities were provided
2021-06-19 16:08:50:866 [BaseDriver] Creating session with W3C capabilities: {
2021-06-19 16:08:50:866 [BaseDriver]   "alwaysMatch": {
2021-06-19 16:08:50:866 [BaseDriver]     "appium:chromeDriverPort": "11000",
2021-06-19 16:08:50:866 [BaseDriver]     "platformName": "android",
2021-06-19 16:08:50:867 [BaseDriver]     "appium:app": "C:\\Users\\Qadir\\eclipse-workspace\\Selenium Udemy\\CucumberFramework\\src\\test\\resources\\apps\\Saucelabs.apk",
2021-06-19 16:08:50:867 [BaseDriver]     "appium:appActivity": "com.swaglabsmobileapp.MainActivity",
2021-06-19 16:08:50:867 [BaseDriver]     "appium:appPackage": "com.swaglabsmobileapp",
2021-06-19 16:08:50:869 [BaseDriver]     "appium:automationName": "UIAutomator2",
2021-06-19 16:08:50:870 [BaseDriver]     "appium:deviceName": "Android_Pixel4",
2021-06-19 16:08:50:870 [BaseDriver]     "appium:systemPort": "10000",
2021-06-19 16:08:50:870 [BaseDriver]     "appium:udid": "emulator-5554"
2021-06-19 16:08:50:871 [BaseDriver]   },
2021-06-19 16:08:50:871 [BaseDriver]   "firstMatch": [
2021-06-19 16:08:50:871 [BaseDriver]     {}
2021-06-19 16:08:50:871 [BaseDriver]   ]
2021-06-19 16:08:50:871 [BaseDriver] }
2021-06-19 16:08:50:878 [BaseDriver] Number capability passed in as string. Functionality may be compromised.
2021-06-19 16:08:50:879 [BaseDriver] Number capability passed in as string. Functionality may be compromised.
2021-06-19 16:08:50:882 [BaseDriver] Capability 'systemPort' changed from string ('10000') to integer (10000). This may cause unexpected behavior
2021-06-19 16:08:50:882 [BaseDriver] Capability 'chromeDriverPort' changed from string ('11000') to integer (11000). This may cause unexpected behavior
2021-06-19 16:08:50:886 [BaseDriver] Session created with session id: d56cadbd-152b-4306-91ce-e88e329a0588
2021-06-19 16:08:50:889 [BaseDriver] Using local app 'C:\Users\Qadir\eclipse-workspace\Selenium Udemy\CucumberFramework\src\test\resources\apps\Saucelabs.apk'
2021-06-19 16:08:50:889 [UiAutomator2] Checking whether app is actually present
2021-06-19 16:08:50:905 [ADB] Found 3 'build-tools' folders under 'C:\Users\Qadir\AppData\Local\Android\Sdk' (newest first):
2021-06-19 16:08:50:906 [ADB]     C:/Users/Qadir/AppData/Local/Android/Sdk/build-tools/30.0.3
2021-06-19 16:08:50:906 [ADB]     C:/Users/Qadir/AppData/Local/Android/Sdk/build-tools/29.0.2
2021-06-19 16:08:50:906 [ADB]     C:/Users/Qadir/AppData/Local/Android/Sdk/build-tools/28.0.3
2021-06-19 16:08:50:908 [ADB] Using 'adb.exe' from 'C:\Users\Qadir\AppData\Local\Android\Sdk\platform-tools\adb.exe'
2021-06-19 16:08:50:911 [ADB] Running 'C:\Users\Qadir\AppData\Local\Android\Sdk\platform-tools\adb.exe -P 5037 start-server'
2021-06-19 16:08:50:966 [AndroidDriver] Retrieving device list
2021-06-19 16:08:50:966 [ADB] Trying to find a connected android device
2021-06-19 16:08:50:967 [ADB] Getting connected devices
2021-06-19 16:08:50:996 [ADB] Connected devices: [{"udid":"50584a424e443498","state":"device"},{"udid":"emulator-5554","state":"device"}]
2021-06-19 16:08:50:997 [AndroidDriver] Using device: emulator-5554
2021-06-19 16:08:50:998 [ADB] Using 'adb.exe' from 'C:\Users\Qadir\AppData\Local\Android\Sdk\platform-tools\adb.exe'
2021-06-19 16:08:50:999 [ADB] Running 'C:\Users\Qadir\AppData\Local\Android\Sdk\platform-tools\adb.exe -P 5037 start-server'
2021-06-19 16:08:51:029 [ADB] Setting device id to emulator-5554
2021-06-19 16:08:51:030 [ADB] Running 'C:\Users\Qadir\AppData\Local\Android\Sdk\platform-tools\adb.exe -P 5037 -s emulator-5554 shell getprop ro.build.version.sdk'
2021-06-19 16:08:51:086 [ADB] Current device property 'ro.build.version.sdk': 28
2021-06-19 16:08:51:086 [ADB] Getting device platform version
2021-06-19 16:08:51:087 [ADB] Running 'C:\Users\Qadir\AppData\Local\Android\Sdk\platform-tools\adb.exe -P 5037 -s emulator-5554 shell getprop ro.build.version.release'
2021-06-19 16:08:51:126 [ADB] Current device property 'ro.build.version.release': 9
2021-06-19 16:08:51:127 [ADB] Device API level: 28
2021-06-19 16:08:51:127 [UiAutomator2] Relaxing hidden api policy
2021-06-19 16:08:51:128 [ADB] Running 'C:\Users\Qadir\AppData\Local\Android\Sdk\platform-tools\adb.exe -P 5037 -s emulator-5554 shell 'settings put global hidden_api_policy_pre_p_apps 1;settings put global hidden_api_policy_p_apps 1;settings put global hidden_api_policy 1''
2021-06-19 16:08:51:213 [ADB] Running 'C:\Users\Qadir\AppData\Local\Android\Sdk\platform-tools\adb.exe -P 5037 -s emulator-5554 wait-for-device'
2021-06-19 16:08:51:238 [ADB] Running 'C:\Users\Qadir\AppData\Local\Android\Sdk\platform-tools\adb.exe -P 5037 -s emulator-5554 shell echo ping'
2021-06-19 16:08:51:270 [AndroidDriver] Pushing settings apk to device...
2021-06-19 16:08:51:271 [ADB] Getting install status for io.appium.settings
2021-06-19 16:08:51:271 [ADB] Running 'C:\Users\Qadir\AppData\Local\Android\Sdk\platform-tools\adb.exe -P 5037 -s emulator-5554 shell dumpsys package io.appium.settings'
2021-06-19 16:08:51:472 [ADB] 'io.appium.settings' is installed
2021-06-19 16:08:51:473 [ADB] Getting package info for 'io.appium.settings'
2021-06-19 16:08:51:473 [ADB] Running 'C:\Users\Qadir\AppData\Local\Android\Sdk\platform-tools\adb.exe -P 5037 -s emulator-5554 shell dumpsys package io.appium.settings'
2021-06-19 16:08:51:536 [ADB] The version name of the installed 'io.appium.settings' is greater or equal to the application version name ('3.2.1' >= '3.2.1')
2021-06-19 16:08:51:537 [ADB] There is no need to install/upgrade 'C:\Users\Qadir\AppData\Roaming\npm\node_modules\appium\node_modules\io.appium.settings\apks\settings_apk-debug.apk'
2021-06-19 16:08:51:537 [ADB] Getting IDs of all 'io.appium.settings' processes
2021-06-19 16:08:51:538 [ADB] Running 'C:\Users\Qadir\AppData\Local\Android\Sdk\platform-tools\adb.exe -P 5037 -s emulator-5554 shell 'pgrep --help; echo $?''
2021-06-19 16:08:51:580 [ADB] Running 'C:\Users\Qadir\AppData\Local\Android\Sdk\platform-tools\adb.exe -P 5037 -s emulator-5554 shell pgrep -f \(\[\[:blank:\]\]\|\^\)io\.appium\.settings\(\[\[:blank:\]\]\|\$\)'
2021-06-19 16:08:51:627 [AndroidDriver] io.appium.settings is already running. There is no need to reset its permissions.
2021-06-19 16:08:51:628 [Logcat] Starting logs capture with command: C:\\Users\\Qadir\\AppData\\Local\\Android\\Sdk\\platform-tools\\adb.exe -P 5037 -s emulator-5554 logcat -v threadtime
2021-06-19 16:08:51:670 [UiAutomator2] Forwarding UiAutomator2 Server port 6790 to local port 10000
2021-06-19 16:08:51:670 [ADB] Forwarding system: 10000 to device: 6790
2021-06-19 16:08:51:670 [ADB] Running 'C:\Users\Qadir\AppData\Local\Android\Sdk\platform-tools\adb.exe -P 5037 -s emulator-5554 forward tcp:10000 tcp:6790'
2021-06-19 16:08:51:709 [ADB] Getting install status for io.appium.uiautomator2.server
2021-06-19 16:08:51:709 [ADB] Running 'C:\Users\Qadir\AppData\Local\Android\Sdk\platform-tools\adb.exe -P 5037 -s emulator-5554 shell dumpsys package io.appium.uiautomator2.server'
2021-06-19 16:08:52:431 [ADB] 'io.appium.uiautomator2.server' is installed
2021-06-19 16:08:52:431 [ADB] Getting package info for 'io.appium.uiautomator2.server'
2021-06-19 16:08:52:431 [ADB] Running 'C:\Users\Qadir\AppData\Local\Android\Sdk\platform-tools\adb.exe -P 5037 -s emulator-5554 shell dumpsys package io.appium.uiautomator2.server'
2021-06-19 16:08:52:580 [ADB] The version name of the installed 'io.appium.uiautomator2.server' is greater or equal to the application version name ('4.17.4' >= '4.17.4')
2021-06-19 16:08:52:581 [UiAutomator2] io.appium.uiautomator2.server installation state: sameVersionInstalled
2021-06-19 16:08:52:581 [ADB] Checking app cert for C:\Users\Qadir\AppData\Roaming\npm\node_modules\appium\node_modules\appium-uiautomator2-server\apks\appium-uiautomator2-server-v4.17.4.apk
2021-06-19 16:08:52:589 [ADB] Using 'apksigner.jar' from 'C:\Users\Qadir\AppData\Local\Android\Sdk\build-tools\30.0.3\lib\apksigner.jar'
2021-06-19 16:08:52:590 [ADB] Starting apksigner: 'C:\\Program Files\\Java\\jdk-10.0.2\\bin\\java.exe' -Xmx1024M -Xss1m -jar C:\\Users\\Qadir\\AppData\\Local\\Android\\Sdk\\build-tools\\30.0.3\\lib\\apksigner.jar verify --print-certs C:\\Users\\Qadir\\AppData\\Roaming\\npm\\node_modules\\appium\\node_modules\\appium-uiautomator2-server\\apks\\appium-uiautomator2-server-v4.17.4.apk
2021-06-19 16:08:53:064 [ADB] apksigner stdout: Signer #1 certificate DN: EMAILADDRESS=android@android.com, CN=Android, OU=Android, O=Android, L=Mountain View, ST=California, C=US
2021-06-19 16:08:53:064 [ADB] Signer #1 certificate SHA-256 digest: a40da80a59d170caa950cf15c18c454d47a39b26989d8b640ecd745ba71bf5dc
2021-06-19 16:08:53:064 [ADB] Signer #1 certificate SHA-1 digest: 61ed377e85d386a8dfee6b864bd85b0bfaa5af81
2021-06-19 16:08:53:064 [ADB] Signer #1 certificate MD5 digest: e89b158e4bcf988ebd09eb83f5378e87
2021-06-19 16:08:53:065 [ADB] 
2021-06-19 16:08:53:065 [ADB] sha256 hash did match for 'appium-uiautomator2-server-v4.17.4.apk'
2021-06-19 16:08:53:065 [ADB] 'C:\Users\Qadir\AppData\Roaming\npm\node_modules\appium\node_modules\appium-uiautomator2-server\apks\appium-uiautomator2-server-v4.17.4.apk' is signed with the default certificate
2021-06-19 16:08:53:065 [ADB] Getting install status for io.appium.uiautomator2.server.test
2021-06-19 16:08:53:065 [ADB] Running 'C:\Users\Qadir\AppData\Local\Android\Sdk\platform-tools\adb.exe -P 5037 -s emulator-5554 shell dumpsys package io.appium.uiautomator2.server.test'
2021-06-19 16:08:53:113 [ADB] 'io.appium.uiautomator2.server.test' is installed
2021-06-19 16:08:53:113 [ADB] Checking app cert for C:\Users\Qadir\AppData\Roaming\npm\node_modules\appium\node_modules\appium-uiautomator2-server\apks\appium-uiautomator2-server-debug-androidTest.apk
2021-06-19 16:08:53:113 [ADB] Starting apksigner: 'C:\\Program Files\\Java\\jdk-10.0.2\\bin\\java.exe' -Xmx1024M -Xss1m -jar C:\\Users\\Qadir\\AppData\\Local\\Android\\Sdk\\build-tools\\30.0.3\\lib\\apksigner.jar verify --print-certs C:\\Users\\Qadir\\AppData\\Roaming\\npm\\node_modules\\appium\\node_modules\\appium-uiautomator2-server\\apks\\appium-uiautomator2-server-debug-androidTest.apk
2021-06-19 16:08:53:553 [ADB] apksigner stdout: Signer #1 certificate DN: EMAILADDRESS=android@android.com, CN=Android, OU=Android, O=Android, L=Mountain View, ST=California, C=US
2021-06-19 16:08:53:553 [ADB] Signer #1 certificate SHA-256 digest: a40da80a59d170caa950cf15c18c454d47a39b26989d8b640ecd745ba71bf5dc
2021-06-19 16:08:53:553 [ADB] Signer #1 certificate SHA-1 digest: 61ed377e85d386a8dfee6b864bd85b0bfaa5af81
2021-06-19 16:08:53:553 [ADB] Signer #1 certificate MD5 digest: e89b158e4bcf988ebd09eb83f5378e87
2021-06-19 16:08:53:553 [ADB] 
2021-06-19 16:08:53:554 [ADB] sha256 hash did match for 'appium-uiautomator2-server-debug-androidTest.apk'
2021-06-19 16:08:53:554 [ADB] 'C:\Users\Qadir\AppData\Roaming\npm\node_modules\appium\node_modules\appium-uiautomator2-server\apks\appium-uiautomator2-server-debug-androidTest.apk' is signed with the default certificate
2021-06-19 16:08:53:554 [UiAutomator2] Server packages are not going to be (re)installed
2021-06-19 16:08:53:556 [UiAutomator2] Waiting up to 30000ms for services to be available
2021-06-19 16:08:53:557 [ADB] Running 'C:\Users\Qadir\AppData\Local\Android\Sdk\platform-tools\adb.exe -P 5037 -s emulator-5554 shell pm list instrumentation'
2021-06-19 16:08:53:609 [UiAutomator2] Instrumentation target 'io.appium.uiautomator2.server.test/androidx.test.runner.AndroidJUnitRunner' is available
2021-06-19 16:08:53:613 [ADB] Adding packages ["io.appium.settings","io.appium.uiautomator2.server","io.appium.uiautomator2.server.test"] to Doze whitelist
2021-06-19 16:08:53:613 [ADB] Got the following command chunks to execute: [["dumpsys","deviceidle","whitelist","+io.appium.settings",";","dumpsys","deviceidle","whitelist","+io.appium.uiautomator2.server",";","dumpsys","deviceidle","whitelist","+io.appium.uiautomator2.server.test",";"]]
2021-06-19 16:08:53:613 [ADB] Running 'C:\Users\Qadir\AppData\Local\Android\Sdk\platform-tools\adb.exe -P 5037 -s emulator-5554 shell dumpsys deviceidle whitelist +io.appium.settings ; dumpsys deviceidle whitelist +io.appium.uiautomator2.server ; dumpsys deviceidle whitelist +io.appium.uiautomator2.server.test ;'
2021-06-19 16:08:53:679 [ADB] Checking app cert for C:\Users\Qadir\eclipse-workspace\Selenium Udemy\CucumberFramework\src\test\resources\apps\Saucelabs.apk
2021-06-19 16:08:53:679 [ADB] Starting apksigner: 'C:\\Program Files\\Java\\jdk-10.0.2\\bin\\java.exe' -Xmx1024M -Xss1m -jar C:\\Users\\Qadir\\AppData\\Local\\Android\\Sdk\\build-tools\\30.0.3\\lib\\apksigner.jar verify --print-certs 'C:\\Users\\Qadir\\eclipse-workspace\\Selenium Udemy\\CucumberFramework\\src\\test\\resources\\apps\\Saucelabs.apk'
2021-06-19 16:08:54:982 [ADB] apksigner stdout: Signer #1 certificate DN: CN=wswebcreation, OU=sample-app, O=Sauce Labs, L=San Francisco, ST=California, C=CA
2021-06-19 16:08:54:982 [ADB] Signer #1 certificate SHA-256 digest: 24fd76156cde9748f50e68dbdafde6498ec4beaa41316438d06ffdde41ce7a3d
2021-06-19 16:08:54:982 [ADB] Signer #1 certificate SHA-1 digest: 2a1a91b5b813edbd94986bffb8398349b9b504e0
2021-06-19 16:08:54:982 [ADB] Signer #1 certificate MD5 digest: ac89c8eda61ba1f13ee22bae56d13abc
2021-06-19 16:08:54:982 [ADB] 
2021-06-19 16:08:54:982 [ADB] 'C:\Users\Qadir\eclipse-workspace\Selenium Udemy\CucumberFramework\src\test\resources\apps\Saucelabs.apk' is signed with a non-default certificate
2021-06-19 16:08:54:983 [ADB] Getting install status for com.swaglabsmobileapp
2021-06-19 16:08:54:983 [ADB] Running 'C:\Users\Qadir\AppData\Local\Android\Sdk\platform-tools\adb.exe -P 5037 -s emulator-5554 shell dumpsys package com.swaglabsmobileapp'
2021-06-19 16:08:55:081 [ADB] 'com.swaglabsmobileapp' is installed
2021-06-19 16:08:55:081 [ADB] Getting package info for 'com.swaglabsmobileapp'
2021-06-19 16:08:55:081 [ADB] Running 'C:\Users\Qadir\AppData\Local\Android\Sdk\platform-tools\adb.exe -P 5037 -s emulator-5554 shell dumpsys package com.swaglabsmobileapp'
2021-06-19 16:08:55:126 [ADB] The version name of the installed 'com.swaglabsmobileapp' is greater or equal to the application version name ('2.7.1' >= '2.7.1')
2021-06-19 16:08:55:127 [ADB] There is no need to install/upgrade 'C:\Users\Qadir\eclipse-workspace\Selenium Udemy\CucumberFramework\src\test\resources\apps\Saucelabs.apk'
2021-06-19 16:08:55:127 [AndroidDriver] Performing fast reset on 'com.swaglabsmobileapp'
2021-06-19 16:08:55:127 [ADB] Getting install status for com.swaglabsmobileapp
2021-06-19 16:08:55:127 [ADB] Running 'C:\Users\Qadir\AppData\Local\Android\Sdk\platform-tools\adb.exe -P 5037 -s emulator-5554 shell dumpsys package com.swaglabsmobileapp'
2021-06-19 16:08:55:172 [ADB] 'com.swaglabsmobileapp' is installed
2021-06-19 16:08:55:172 [ADB] Running 'C:\Users\Qadir\AppData\Local\Android\Sdk\platform-tools\adb.exe -P 5037 -s emulator-5554 shell am force-stop com.swaglabsmobileapp'
2021-06-19 16:08:55:229 [ADB] Running 'C:\Users\Qadir\AppData\Local\Android\Sdk\platform-tools\adb.exe -P 5037 -s emulator-5554 shell pm clear com.swaglabsmobileapp'
2021-06-19 16:08:55:443 [AndroidDriver] Performed fast reset on the installed 'com.swaglabsmobileapp' application (stop and clear)
2021-06-19 16:08:55:443 [UiAutomator2] Performing shallow cleanup of automation leftovers
2021-06-19 16:08:55:499 [UiAutomator2] No obsolete sessions have been detected (socket hang up)
2021-06-19 16:08:55:500 [ADB] Running 'C:\Users\Qadir\AppData\Local\Android\Sdk\platform-tools\adb.exe -P 5037 -s emulator-5554 shell am force-stop io.appium.uiautomator2.server.test'
2021-06-19 16:08:55:618 [UiAutomator2] Starting UIAutomator2 server 4.17.4
2021-06-19 16:08:55:618 [UiAutomator2] Using UIAutomator2 server from 'C:\Users\Qadir\AppData\Roaming\npm\node_modules\appium\node_modules\appium-uiautomator2-server\apks\appium-uiautomator2-server-v4.17.4.apk' and test from 'C:\Users\Qadir\AppData\Roaming\npm\node_modules\appium\node_modules\appium-uiautomator2-server\apks\appium-uiautomator2-server-debug-androidTest.apk'
2021-06-19 16:08:55:618 [UiAutomator2] Waiting up to 30000ms for UiAutomator2 to be online...
2021-06-19 16:08:55:619 [ADB] Creating ADB subprocess with args: ["-P",5037,"-s","emulator-5554","shell","am","instrument","-w","io.appium.uiautomator2.server.test/androidx.test.runner.AndroidJUnitRunner"]
2021-06-19 16:08:55:632 [WD Proxy] Matched '/status' to command name 'getStatus'
2021-06-19 16:08:55:633 [WD Proxy] Proxying [GET /status] to [GET http://127.0.0.1:10000/wd/hub/status] with no body
2021-06-19 16:08:55:639 [WD Proxy] socket hang up
2021-06-19 16:08:56:656 [WD Proxy] Matched '/status' to command name 'getStatus'
2021-06-19 16:08:56:656 [WD Proxy] Proxying [GET /status] to [GET http://127.0.0.1:10000/wd/hub/status] with no body
2021-06-19 16:08:56:659 [WD Proxy] socket hang up
2021-06-19 16:08:57:063 [Instrumentation] io.appium.uiautomator2.server.test.AppiumUiAutomator2Server:
2021-06-19 16:08:57:668 [WD Proxy] Matched '/status' to command name 'getStatus'
2021-06-19 16:08:57:669 [WD Proxy] Proxying [GET /status] to [GET http://127.0.0.1:10000/wd/hub/status] with no body
2021-06-19 16:08:57:672 [WD Proxy] socket hang up
2021-06-19 16:08:58:681 [WD Proxy] Matched '/status' to command name 'getStatus'
2021-06-19 16:08:58:682 [WD Proxy] Proxying [GET /status] to [GET http://127.0.0.1:10000/wd/hub/status] with no body
2021-06-19 16:08:58:806 [WD Proxy] Got response with status 200: {"sessionId":"None","value":{"message":"UiAutomator2 Server is ready to accept commands","ready":true}}
2021-06-19 16:08:58:807 [UiAutomator2] The initialization of the instrumentation process took 3189ms
2021-06-19 16:08:58:807 [WD Proxy] Matched '/session' to command name 'createSession'
2021-06-19 16:08:58:807 [WD Proxy] Proxying [POST /session] to [POST http://127.0.0.1:10000/wd/hub/session] with body: {"capabilities":{"firstMatch":[{"platform":"LINUX","webStorageEnabled":false,"takesScreenshot":true,"javascriptEnabled":true,"databaseEnabled":false,"networkConnectionEnabled":true,"locationContextEnabled":false,"warnings":{},"desired":{"platformName":"android","chromeDriverPort":11000,"app":"C:\\Users\\Qadir\\eclipse-workspace\\Selenium Udemy\\CucumberFramework\\src\\test\\resources\\apps\\Saucelabs.apk","appActivity":"com.swaglabsmobileapp.MainActivity","appPackage":"com.swaglabsmobileapp","automationName":"UIAutomator2","deviceName":"Android_Pixel4","systemPort":10000,"udid":"emulator-5554"},"platformName":"android","chromeDriverPort":11000,"app":"C:\\Users\\Qadir\\eclipse-workspace\\Selenium Udemy\\CucumberFramework\\src\\test\\resources\\apps\\Saucelabs.apk","appActivity":"com.swaglabsmobileapp.MainActivity","appPackage":"com.swaglabsmobileapp","automationName":"UIAutomator2","deviceName":"emulator-5554","systemPort":10000,"udid":"emulator-5554","deviceUDID":"emulator-5554"}],"alwaysMatch":{}}}
2021-06-19 16:08:58:858 [WD Proxy] Got response with status 200: {"sessionId":"cc48600e-4d52-4213-be1c-ea0d31e52280","value":{"capabilities":{"firstMatch":[{"platform":"LINUX","webStorageEnabled":false,"takesScreenshot":true,"javascriptEnabled":true,"databaseEnabled":false,"networkConnectionEnabled":true,"locationContextEnabled":false,"warnings":{},"desired":{"platformName":"android","chromeDriverPort":11000,"app":"C:\\Users\\Qadir\\eclipse-workspace\\Selenium Udemy\\CucumberFramework\\src\\test\\resources\\apps\\Saucelabs.apk","appActivity":"com.swaglabsmobileapp.MainActivity","appPackage":"com.swaglabsmobileapp","automationName":"UIAutomator2","deviceName":"Android_Pixel4","systemPort":10000,"udid":"emulator-5554"},"platformName":"android","chromeDriverPort":11000,"app":"C:\\Users\\Qadir\\eclipse-workspace\\Selenium Udemy\\CucumberFramework\\src\\test\\resources\\apps\\Saucelabs.apk","appActivity":"com.swaglabsmobileapp.MainActivity","appPackage":"com.swaglabsmobileapp","automationName":"UIAutomator2","deviceName":"emulator-5554","systemPort":10000,"udid":"emulator-55...
2021-06-19 16:08:58:858 [WD Proxy] Determined the downstream protocol as 'W3C'
2021-06-19 16:08:58:872 [WD Proxy] Proxying [GET /appium/device/info] to [GET http://127.0.0.1:10000/wd/hub/session/cc48600e-4d52-4213-be1c-ea0d31e52280/appium/device/info] with no body
2021-06-19 16:08:58:931 [WD Proxy] Got response with status 200: {"sessionId":"cc48600e-4d52-4213-be1c-ea0d31e52280","value":{"androidId":"6e5e95560e89de64","apiVersion":"28","bluetooth":null,"brand":"google","carrierName":"Android","displayDensity":560,"locale":"en_US","manufacturer":"Google","model":"AOSP on IA Emulator","networks":[{"capabilities":{"SSID":null,"linkDownBandwidthKbps":102400,"linkUpstreamBandwidthKbps":51200,"networkCapabilities":"NET_CAPABILITY_MMS,NET_CAPABILITY_SUPL,NET_CAPABILITY_DUN,NET_CAPABILITY_FOTA,NET_CAPABILITY_IMS,NET_CAPABILITY_CBS,NET_CAPABILITY_IA,NET_CAPABILITY_INTERNET,NET_CAPABILITY_NOT_RESTRICTED,NET_CAPABILITY_TRUSTED,NET_CAPABILITY_NOT_VPN,NET_CAPABILITY_VALIDATED,NET_CAPABILITY_NOT_ROAMING,NET_CAPABILITY_NOT_CONGESTED,NET_CAPABILITY_NOT_SUSPENDED","signalStrength":-2147483648,"transportTypes":"TRANSPORT_CELLULAR"},"detailedState":"CONNECTED","extraInfo":"epc.tmobile.com","isAvailable":true,"isConnected":true,"isFailover":false,"isRoaming":false,"state":"CONNECTED","subtype":13,"subtypeName":"LTE","type":0,"typeName":"MOBILE"},{"c...
2021-06-19 16:08:58:931 [ADB] Running 'C:\Users\Qadir\AppData\Local\Android\Sdk\platform-tools\adb.exe -P 5037 -s emulator-5554 shell dumpsys window'
2021-06-19 16:08:59:065 [AndroidDriver] Screen already unlocked, doing nothing
2021-06-19 16:08:59:065 [UiAutomator2] Starting 'com.swaglabsmobileapp/com.swaglabsmobileapp.MainActivity and waiting for 'com.swaglabsmobileapp/com.swaglabsmobileapp.MainActivity'
2021-06-19 16:08:59:066 [ADB] Running 'C:\Users\Qadir\AppData\Local\Android\Sdk\platform-tools\adb.exe -P 5037 -s emulator-5554 shell am start -W -n com.swaglabsmobileapp/com.swaglabsmobileapp.MainActivity -S -a android.intent.action.MAIN -c android.intent.category.LAUNCHER -f 0x10200000'
2021-06-19 16:09:03:309 [WD Proxy] Proxying [GET /appium/device/pixel_ratio] to [GET http://127.0.0.1:10000/wd/hub/session/cc48600e-4d52-4213-be1c-ea0d31e52280/appium/device/pixel_ratio] with no body
2021-06-19 16:09:03:343 [WD Proxy] Got response with status 200: {"sessionId":"cc48600e-4d52-4213-be1c-ea0d31e52280","value":3.5}
2021-06-19 16:09:03:344 [WD Proxy] Matched '/appium/device/system_bars' to command name 'getSystemBars'
2021-06-19 16:09:03:344 [WD Proxy] Proxying [GET /appium/device/system_bars] to [GET http://127.0.0.1:10000/wd/hub/session/cc48600e-4d52-4213-be1c-ea0d31e52280/appium/device/system_bars] with no body
2021-06-19 16:09:03:391 [WD Proxy] Got response with status 200: {"sessionId":"cc48600e-4d52-4213-be1c-ea0d31e52280","value":{"statusBar":172}}
2021-06-19 16:09:03:392 [WD Proxy] Matched '/window/current/size' to command name 'getWindowSize'
2021-06-19 16:09:03:392 [WD Proxy] Proxying [GET /window/current/size] to [GET http://127.0.0.1:10000/wd/hub/session/cc48600e-4d52-4213-be1c-ea0d31e52280/window/current/size] with no body
2021-06-19 16:09:03:414 [WD Proxy] Got response with status 200: {"sessionId":"cc48600e-4d52-4213-be1c-ea0d31e52280","value":{"height":2701,"width":1440}}
2021-06-19 16:09:03:414 [Appium] New AndroidUiautomator2Driver session created successfully, session d56cadbd-152b-4306-91ce-e88e329a0588 added to master session list
2021-06-19 16:09:03:415 [BaseDriver] Event 'newSessionStarted' logged at 1624118943414 (12:09:03 GMT-0400 (Eastern Daylight Time))
2021-06-19 16:09:03:415 [W3C (d56cadbd)] Cached the protocol value 'W3C' for the new session d56cadbd-152b-4306-91ce-e88e329a0588
2021-06-19 16:09:03:415 [W3C (d56cadbd)] Responding to client with driver.createSession() result: {"capabilities":{"platform":"LINUX","webStorageEnabled":false,"takesScreenshot":true,"javascriptEnabled":true,"databaseEnabled":false,"networkConnectionEnabled":true,"locationContextEnabled":false,"warnings":{},"desired":{"platformName":"android","chromeDriverPort":11000,"app":"C:\\Users\\Qadir\\eclipse-workspace\\Selenium Udemy\\CucumberFramework\\src\\test\\resources\\apps\\Saucelabs.apk","appActivity":"com.swaglabsmobileapp.MainActivity","appPackage":"com.swaglabsmobileapp","automationName":"UIAutomator2","deviceName":"Android_Pixel4","systemPort":10000,"udid":"emulator-5554"},"platformName":"android","chromeDriverPort":11000,"app":"C:\\Users\\Qadir\\eclipse-workspace\\Selenium Udemy\\CucumberFramework\\src\\test\\resources\\apps\\Saucelabs.apk","appActivity":"com.swaglabsmobileapp.MainActivity","appPackage":"com.swaglabsmobileapp","automationName":"UIAutomator2","deviceName":"emulator-5554","systemPort":10000,"udid":"emulator-5554","deviceUDID":"emulator-5554","deviceApiLevel":28,"platformVersion":"9",...
2021-06-19 16:09:03:416 [HTTP] <-- POST /wd/hub/session 200 12992 ms - 1306
2021-06-19 16:09:03:416 [HTTP] 
2021-06-19 16:09:04:114 [HTTP] --> POST /wd/hub/session/d56cadbd-152b-4306-91ce-e88e329a0588/appium/start_recording_screen
2021-06-19 16:09:04:114 [HTTP] {}
2021-06-19 16:09:04:124 [W3C (d56cadbd)] Calling AppiumDriver.startRecordingScreen() with args: [null,"d56cadbd-152b-4306-91ce-e88e329a0588"]
2021-06-19 16:09:04:126 [ADB] Getting IDs of all 'screenrecord' processes
2021-06-19 16:09:04:126 [ADB] Running 'C:\Users\Qadir\AppData\Local\Android\Sdk\platform-tools\adb.exe -P 5037 -s emulator-5554 shell pgrep -f \(\[\[:blank:\]\]\|\^\)screenrecord\(\[\[:blank:\]\]\|\$\)'
2021-06-19 16:09:05:171 [AndroidDriver] Screen recording has not been previously started by Appium. There is nothing to stop
2021-06-19 16:09:05:171 [ADB] Getting IDs of all 'screenrecord' processes
2021-06-19 16:09:05:172 [ADB] Running 'C:\Users\Qadir\AppData\Local\Android\Sdk\platform-tools\adb.exe -P 5037 -s emulator-5554 shell pgrep -f \(\[\[:blank:\]\]\|\^\)screenrecord\(\[\[:blank:\]\]\|\$\)'
2021-06-19 16:09:05:261 [ADB] Building screenrecord process with the command line: adb -P 5037 -s emulator-5554 shell screenrecord --time-limit 180 /sdcard/ae940bfa.mp4
2021-06-19 16:09:05:265 [ADB] Running 'C:\Users\Qadir\AppData\Local\Android\Sdk\platform-tools\adb.exe -P 5037 -s emulator-5554 shell "[ -e '/sdcard/ae940bfa.mp4' ] && echo __PASS__"'
2021-06-19 16:09:05:629 [ADB] Running 'C:\Users\Qadir\AppData\Local\Android\Sdk\platform-tools\adb.exe -P 5037 -s emulator-5554 shell "[ -e '/sdcard/ae940bfa.mp4' ] && echo __PASS__"'
2021-06-19 16:09:05:988 [ADB] Running 'C:\Users\Qadir\AppData\Local\Android\Sdk\platform-tools\adb.exe -P 5037 -s emulator-5554 shell "[ -e '/sdcard/ae940bfa.mp4' ] && echo __PASS__"'
2021-06-19 16:09:06:365 [ADB] Running 'C:\Users\Qadir\AppData\Local\Android\Sdk\platform-tools\adb.exe -P 5037 -s emulator-5554 shell "[ -e '/sdcard/ae940bfa.mp4' ] && echo __PASS__"'
2021-06-19 16:09:06:438 [W3C (d56cadbd)] Responding to client with driver.startRecordingScreen() result: ""
2021-06-19 16:09:06:438 [HTTP] <-- POST /wd/hub/session/d56cadbd-152b-4306-91ce-e88e329a0588/appium/start_recording_screen 200 2324 ms - 12
2021-06-19 16:09:06:439 [HTTP] 
2021-06-19 16:09:06:691 [HTTP] --> GET /wd/hub/session/d56cadbd-152b-4306-91ce-e88e329a0588/context
2021-06-19 16:09:06:691 [HTTP] {}
2021-06-19 16:09:06:692 [W3C (d56cadbd)] Calling AppiumDriver.getCurrentContext() with args: ["d56cadbd-152b-4306-91ce-e88e329a0588"]
2021-06-19 16:09:06:693 [W3C (d56cadbd)] Responding to client with driver.getCurrentContext() result: "NATIVE_APP"
2021-06-19 16:09:06:694 [HTTP] <-- GET /wd/hub/session/d56cadbd-152b-4306-91ce-e88e329a0588/context 200 2 ms - 22
2021-06-19 16:09:06:694 [HTTP] 
2021-06-19 16:09:06:714 [HTTP] --> POST /wd/hub/session/d56cadbd-152b-4306-91ce-e88e329a0588/element
2021-06-19 16:09:06:714 [HTTP] {"using":"accessibility id","value":"test-Username"}
2021-06-19 16:09:06:715 [W3C (d56cadbd)] Calling AppiumDriver.findElement() with args: ["accessibility id","test-Username","d56cadbd-152b-4306-91ce-e88e329a0588"]
2021-06-19 16:09:06:715 [BaseDriver] Valid locator strategies for this request: xpath, id, class name, accessibility id, css selector, -android uiautomator
2021-06-19 16:09:06:716 [BaseDriver] Waiting up to 0 ms for condition
2021-06-19 16:09:06:718 [WD Proxy] Matched '/element' to command name 'findElement'
2021-06-19 16:09:06:719 [WD Proxy] Proxying [POST /element] to [POST http://127.0.0.1:10000/wd/hub/session/cc48600e-4d52-4213-be1c-ea0d31e52280/element] with body: {"strategy":"accessibility id","selector":"test-Username","context":"","multiple":false}
2021-06-19 16:09:09:412 [WD Proxy] Got response with status 200: {"sessionId":"cc48600e-4d52-4213-be1c-ea0d31e52280","value":{"ELEMENT":"62cf4367-dbc7-4255-a798-69cd5e156603","element-6066-11e4-a52e-4f735466cecf":"62cf4367-dbc7-4255-a798-69cd5e156603"}}
2021-06-19 16:09:09:413 [W3C (d56cadbd)] Responding to client with driver.findElement() result: {"element-6066-11e4-a52e-4f735466cecf":"62cf4367-dbc7-4255-a798-69cd5e156603","ELEMENT":"62cf4367-dbc7-4255-a798-69cd5e156603"}
2021-06-19 16:09:09:414 [HTTP] <-- POST /wd/hub/session/d56cadbd-152b-4306-91ce-e88e329a0588/element 200 2699 ms - 137
2021-06-19 16:09:09:414 [HTTP] 
2021-06-19 16:09:09:417 [HTTP] --> GET /wd/hub/session/d56cadbd-152b-4306-91ce-e88e329a0588/element/62cf4367-dbc7-4255-a798-69cd5e156603/displayed
2021-06-19 16:09:09:417 [HTTP] {}
2021-06-19 16:09:09:418 [W3C (d56cadbd)] Calling AppiumDriver.elementDisplayed() with args: ["62cf4367-dbc7-4255-a798-69cd5e156603","d56cadbd-152b-4306-91ce-e88e329a0588"]
2021-06-19 16:09:09:420 [WD Proxy] Matched '/element/62cf4367-dbc7-4255-a798-69cd5e156603/attribute/displayed' to command name 'getAttribute'
2021-06-19 16:09:09:421 [WD Proxy] Proxying [GET /element/62cf4367-dbc7-4255-a798-69cd5e156603/attribute/displayed] to [GET http://127.0.0.1:10000/wd/hub/session/cc48600e-4d52-4213-be1c-ea0d31e52280/element/62cf4367-dbc7-4255-a798-69cd5e156603/attribute/displayed] with no body
2021-06-19 16:09:09:448 [WD Proxy] Got response with status 200: {"sessionId":"cc48600e-4d52-4213-be1c-ea0d31e52280","value":"true"}
2021-06-19 16:09:09:449 [W3C (d56cadbd)] Responding to client with driver.elementDisplayed() result: true
2021-06-19 16:09:09:455 [HTTP] <-- GET /wd/hub/session/d56cadbd-152b-4306-91ce-e88e329a0588/element/62cf4367-dbc7-4255-a798-69cd5e156603/displayed 200 33 ms - 14
2021-06-19 16:09:09:455 [HTTP] 
2021-06-19 16:09:09:458 [HTTP] --> GET /wd/hub/session/d56cadbd-152b-4306-91ce-e88e329a0588/context
2021-06-19 16:09:09:459 [HTTP] {}
2021-06-19 16:09:09:461 [W3C (d56cadbd)] Calling AppiumDriver.getCurrentContext() with args: ["d56cadbd-152b-4306-91ce-e88e329a0588"]
2021-06-19 16:09:09:465 [W3C (d56cadbd)] Responding to client with driver.getCurrentContext() result: "NATIVE_APP"
2021-06-19 16:09:09:468 [HTTP] <-- GET /wd/hub/session/d56cadbd-152b-4306-91ce-e88e329a0588/context 200 7 ms - 22
2021-06-19 16:09:09:468 [HTTP] 
2021-06-19 16:09:09:484 [HTTP] --> POST /wd/hub/session/d56cadbd-152b-4306-91ce-e88e329a0588/element
2021-06-19 16:09:09:484 [HTTP] {"using":"accessibility id","value":"test-Username"}
2021-06-19 16:09:09:485 [W3C (d56cadbd)] Calling AppiumDriver.findElement() with args: ["accessibility id","test-Username","d56cadbd-152b-4306-91ce-e88e329a0588"]
2021-06-19 16:09:09:485 [BaseDriver] Valid locator strategies for this request: xpath, id, class name, accessibility id, css selector, -android uiautomator
2021-06-19 16:09:09:485 [BaseDriver] Waiting up to 0 ms for condition
2021-06-19 16:09:09:486 [WD Proxy] Matched '/element' to command name 'findElement'
2021-06-19 16:09:09:486 [WD Proxy] Proxying [POST /element] to [POST http://127.0.0.1:10000/wd/hub/session/cc48600e-4d52-4213-be1c-ea0d31e52280/element] with body: {"strategy":"accessibility id","selector":"test-Username","context":"","multiple":false}
2021-06-19 16:09:09:526 [WD Proxy] Got response with status 200: {"sessionId":"cc48600e-4d52-4213-be1c-ea0d31e52280","value":{"ELEMENT":"eaa39c91-ff59-45f2-ae36-d120847bcc4e","element-6066-11e4-a52e-4f735466cecf":"eaa39c91-ff59-45f2-ae36-d120847bcc4e"}}
2021-06-19 16:09:09:526 [W3C (d56cadbd)] Responding to client with driver.findElement() result: {"element-6066-11e4-a52e-4f735466cecf":"eaa39c91-ff59-45f2-ae36-d120847bcc4e","ELEMENT":"eaa39c91-ff59-45f2-ae36-d120847bcc4e"}
2021-06-19 16:09:09:527 [HTTP] <-- POST /wd/hub/session/d56cadbd-152b-4306-91ce-e88e329a0588/element 200 42 ms - 137
2021-06-19 16:09:09:527 [HTTP] 
2021-06-19 16:09:09:546 [HTTP] --> POST /wd/hub/session/d56cadbd-152b-4306-91ce-e88e329a0588/element/eaa39c91-ff59-45f2-ae36-d120847bcc4e/clear
2021-06-19 16:09:09:546 [HTTP] {"id":"eaa39c91-ff59-45f2-ae36-d120847bcc4e"}
2021-06-19 16:09:09:546 [W3C (d56cadbd)] Calling AppiumDriver.clear() with args: ["eaa39c91-ff59-45f2-ae36-d120847bcc4e","d56cadbd-152b-4306-91ce-e88e329a0588"]
2021-06-19 16:09:09:547 [WD Proxy] Matched '/element/eaa39c91-ff59-45f2-ae36-d120847bcc4e/clear' to command name 'clear'
2021-06-19 16:09:09:547 [WD Proxy] Proxying [POST /element/eaa39c91-ff59-45f2-ae36-d120847bcc4e/clear] to [POST http://127.0.0.1:10000/wd/hub/session/cc48600e-4d52-4213-be1c-ea0d31e52280/element/eaa39c91-ff59-45f2-ae36-d120847bcc4e/clear] with body: {"elementId":"eaa39c91-ff59-45f2-ae36-d120847bcc4e"}
2021-06-19 16:09:09:803 [WD Proxy] Got response with status 200: {"sessionId":"cc48600e-4d52-4213-be1c-ea0d31e52280","value":null}
2021-06-19 16:09:09:803 [W3C (d56cadbd)] Responding to client with driver.clear() result: null
2021-06-19 16:09:09:803 [HTTP] <-- POST /wd/hub/session/d56cadbd-152b-4306-91ce-e88e329a0588/element/eaa39c91-ff59-45f2-ae36-d120847bcc4e/clear 200 258 ms - 14
2021-06-19 16:09:09:804 [HTTP] 
2021-06-19 16:09:09:806 [HTTP] --> GET /wd/hub/session/d56cadbd-152b-4306-91ce-e88e329a0588/context
2021-06-19 16:09:09:806 [HTTP] {}
2021-06-19 16:09:09:806 [W3C (d56cadbd)] Calling AppiumDriver.getCurrentContext() with args: ["d56cadbd-152b-4306-91ce-e88e329a0588"]
2021-06-19 16:09:09:807 [W3C (d56cadbd)] Responding to client with driver.getCurrentContext() result: "NATIVE_APP"
2021-06-19 16:09:09:807 [HTTP] <-- GET /wd/hub/session/d56cadbd-152b-4306-91ce-e88e329a0588/context 200 1 ms - 22
2021-06-19 16:09:09:807 [HTTP] 
2021-06-19 16:09:09:815 [HTTP] --> POST /wd/hub/session/d56cadbd-152b-4306-91ce-e88e329a0588/element
2021-06-19 16:09:09:815 [HTTP] {"using":"accessibility id","value":"test-Username"}
2021-06-19 16:09:09:815 [W3C (d56cadbd)] Calling AppiumDriver.findElement() with args: ["accessibility id","test-Username","d56cadbd-152b-4306-91ce-e88e329a0588"]
2021-06-19 16:09:09:817 [BaseDriver] Valid locator strategies for this request: xpath, id, class name, accessibility id, css selector, -android uiautomator
2021-06-19 16:09:09:817 [BaseDriver] Waiting up to 0 ms for condition
2021-06-19 16:09:09:817 [WD Proxy] Matched '/element' to command name 'findElement'
2021-06-19 16:09:09:817 [WD Proxy] Proxying [POST /element] to [POST http://127.0.0.1:10000/wd/hub/session/cc48600e-4d52-4213-be1c-ea0d31e52280/element] with body: {"strategy":"accessibility id","selector":"test-Username","context":"","multiple":false}
2021-06-19 16:09:10:318 [WD Proxy] Got response with status 200: {"sessionId":"cc48600e-4d52-4213-be1c-ea0d31e52280","value":{"ELEMENT":"d73552b8-650e-44a8-9ca9-7bdedc5af45e","element-6066-11e4-a52e-4f735466cecf":"d73552b8-650e-44a8-9ca9-7bdedc5af45e"}}
2021-06-19 16:09:10:318 [W3C (d56cadbd)] Responding to client with driver.findElement() result: {"element-6066-11e4-a52e-4f735466cecf":"d73552b8-650e-44a8-9ca9-7bdedc5af45e","ELEMENT":"d73552b8-650e-44a8-9ca9-7bdedc5af45e"}
2021-06-19 16:09:10:319 [HTTP] <-- POST /wd/hub/session/d56cadbd-152b-4306-91ce-e88e329a0588/element 200 504 ms - 137
2021-06-19 16:09:10:319 [HTTP] 
2021-06-19 16:09:10:321 [HTTP] --> GET /wd/hub/session/d56cadbd-152b-4306-91ce-e88e329a0588/element/d73552b8-650e-44a8-9ca9-7bdedc5af45e/displayed
2021-06-19 16:09:10:321 [HTTP] {}
2021-06-19 16:09:10:321 [W3C (d56cadbd)] Calling AppiumDriver.elementDisplayed() with args: ["d73552b8-650e-44a8-9ca9-7bdedc5af45e","d56cadbd-152b-4306-91ce-e88e329a0588"]
2021-06-19 16:09:10:322 [WD Proxy] Matched '/element/d73552b8-650e-44a8-9ca9-7bdedc5af45e/attribute/displayed' to command name 'getAttribute'
2021-06-19 16:09:10:322 [WD Proxy] Proxying [GET /element/d73552b8-650e-44a8-9ca9-7bdedc5af45e/attribute/displayed] to [GET http://127.0.0.1:10000/wd/hub/session/cc48600e-4d52-4213-be1c-ea0d31e52280/element/d73552b8-650e-44a8-9ca9-7bdedc5af45e/attribute/displayed] with no body
2021-06-19 16:09:10:347 [WD Proxy] Got response with status 200: {"sessionId":"cc48600e-4d52-4213-be1c-ea0d31e52280","value":"true"}
2021-06-19 16:09:10:348 [W3C (d56cadbd)] Responding to client with driver.elementDisplayed() result: true
2021-06-19 16:09:10:348 [HTTP] <-- GET /wd/hub/session/d56cadbd-152b-4306-91ce-e88e329a0588/element/d73552b8-650e-44a8-9ca9-7bdedc5af45e/displayed 200 27 ms - 14
2021-06-19 16:09:10:348 [HTTP] 
2021-06-19 16:09:10:353 [HTTP] --> GET /wd/hub/session/d56cadbd-152b-4306-91ce-e88e329a0588/context
2021-06-19 16:09:10:354 [HTTP] {}
2021-06-19 16:09:10:354 [W3C (d56cadbd)] Calling AppiumDriver.getCurrentContext() with args: ["d56cadbd-152b-4306-91ce-e88e329a0588"]
2021-06-19 16:09:10:355 [W3C (d56cadbd)] Responding to client with driver.getCurrentContext() result: "NATIVE_APP"
2021-06-19 16:09:10:356 [HTTP] <-- GET /wd/hub/session/d56cadbd-152b-4306-91ce-e88e329a0588/context 200 3 ms - 22
2021-06-19 16:09:10:356 [HTTP] 
2021-06-19 16:09:10:366 [HTTP] --> POST /wd/hub/session/d56cadbd-152b-4306-91ce-e88e329a0588/element
2021-06-19 16:09:10:366 [HTTP] {"using":"accessibility id","value":"test-Username"}
2021-06-19 16:09:10:367 [W3C (d56cadbd)] Calling AppiumDriver.findElement() with args: ["accessibility id","test-Username","d56cadbd-152b-4306-91ce-e88e329a0588"]
2021-06-19 16:09:10:367 [BaseDriver] Valid locator strategies for this request: xpath, id, class name, accessibility id, css selector, -android uiautomator
2021-06-19 16:09:10:367 [BaseDriver] Waiting up to 0 ms for condition
2021-06-19 16:09:10:368 [WD Proxy] Matched '/element' to command name 'findElement'
2021-06-19 16:09:10:368 [WD Proxy] Proxying [POST /element] to [POST http://127.0.0.1:10000/wd/hub/session/cc48600e-4d52-4213-be1c-ea0d31e52280/element] with body: {"strategy":"accessibility id","selector":"test-Username","context":"","multiple":false}
2021-06-19 16:09:10:394 [WD Proxy] Got response with status 200: {"sessionId":"cc48600e-4d52-4213-be1c-ea0d31e52280","value":{"ELEMENT":"5c3e1e2c-fd31-4898-bc01-a917e5d851e1","element-6066-11e4-a52e-4f735466cecf":"5c3e1e2c-fd31-4898-bc01-a917e5d851e1"}}
2021-06-19 16:09:10:395 [W3C (d56cadbd)] Responding to client with driver.findElement() result: {"element-6066-11e4-a52e-4f735466cecf":"5c3e1e2c-fd31-4898-bc01-a917e5d851e1","ELEMENT":"5c3e1e2c-fd31-4898-bc01-a917e5d851e1"}
2021-06-19 16:09:10:396 [HTTP] <-- POST /wd/hub/session/d56cadbd-152b-4306-91ce-e88e329a0588/element 200 29 ms - 137
2021-06-19 16:09:10:396 [HTTP] 
2021-06-19 16:09:10:414 [HTTP] --> POST /wd/hub/session/d56cadbd-152b-4306-91ce-e88e329a0588/element/5c3e1e2c-fd31-4898-bc01-a917e5d851e1/value
2021-06-19 16:09:10:414 [HTTP] {"id":"5c3e1e2c-fd31-4898-bc01-a917e5d851e1","text":"InvalidUserName","value":["I","n","v","a","l","i","d","U","s","e","r","N","a","m","e"]}
2021-06-19 16:09:10:415 [W3C (d56cadbd)] Calling AppiumDriver.setValue() with args: [["I","n","v","a","l","i","d","U","s","e","r","N","a","m","e"],"5c3e1e2c-fd31-4898-bc01-a917e5d851e1","d56cadbd-152b-4306-91ce-e88e329a0588"]
2021-06-19 16:09:10:415 [WD Proxy] Matched '/element/5c3e1e2c-fd31-4898-bc01-a917e5d851e1/value' to command name 'setValue'
2021-06-19 16:09:10:416 [Protocol Converter] Added 'value' property ["I","n","v","a","l","i","d","U","s","e","r","N","a","m","e"] to 'setValue' request body
2021-06-19 16:09:10:416 [WD Proxy] Proxying [POST /element/5c3e1e2c-fd31-4898-bc01-a917e5d851e1/value] to [POST http://127.0.0.1:10000/wd/hub/session/cc48600e-4d52-4213-be1c-ea0d31e52280/element/5c3e1e2c-fd31-4898-bc01-a917e5d851e1/value] with body: {"elementId":"5c3e1e2c-fd31-4898-bc01-a917e5d851e1","text":"InvalidUserName","replace":false,"value":["I","n","v","a","l","i","d","U","s","e","r","N","a","m","e"]}
2021-06-19 16:09:10:946 [WD Proxy] Got response with status 200: {"sessionId":"cc48600e-4d52-4213-be1c-ea0d31e52280","value":null}
2021-06-19 16:09:10:946 [W3C (d56cadbd)] Responding to client with driver.setValue() result: null
2021-06-19 16:09:10:946 [HTTP] <-- POST /wd/hub/session/d56cadbd-152b-4306-91ce-e88e329a0588/element/5c3e1e2c-fd31-4898-bc01-a917e5d851e1/value 200 532 ms - 14
2021-06-19 16:09:10:947 [HTTP] 
2021-06-19 16:09:10:954 [HTTP] --> GET /wd/hub/session/d56cadbd-152b-4306-91ce-e88e329a0588/context
2021-06-19 16:09:10:954 [HTTP] {}
2021-06-19 16:09:10:954 [W3C (d56cadbd)] Calling AppiumDriver.getCurrentContext() with args: ["d56cadbd-152b-4306-91ce-e88e329a0588"]
2021-06-19 16:09:10:954 [W3C (d56cadbd)] Responding to client with driver.getCurrentContext() result: "NATIVE_APP"
2021-06-19 16:09:10:955 [HTTP] <-- GET /wd/hub/session/d56cadbd-152b-4306-91ce-e88e329a0588/context 200 1 ms - 22
2021-06-19 16:09:10:955 [HTTP] 
2021-06-19 16:09:10:965 [HTTP] --> POST /wd/hub/session/d56cadbd-152b-4306-91ce-e88e329a0588/element
2021-06-19 16:09:10:965 [HTTP] {"using":"accessibility id","value":"test-Password"}
2021-06-19 16:09:10:966 [W3C (d56cadbd)] Calling AppiumDriver.findElement() with args: ["accessibility id","test-Password","d56cadbd-152b-4306-91ce-e88e329a0588"]
2021-06-19 16:09:10:966 [BaseDriver] Valid locator strategies for this request: xpath, id, class name, accessibility id, css selector, -android uiautomator
2021-06-19 16:09:10:966 [BaseDriver] Waiting up to 0 ms for condition
2021-06-19 16:09:10:966 [WD Proxy] Matched '/element' to command name 'findElement'
2021-06-19 16:09:10:967 [WD Proxy] Proxying [POST /element] to [POST http://127.0.0.1:10000/wd/hub/session/cc48600e-4d52-4213-be1c-ea0d31e52280/element] with body: {"strategy":"accessibility id","selector":"test-Password","context":"","multiple":false}
2021-06-19 16:09:11:006 [WD Proxy] Got response with status 200: {"sessionId":"cc48600e-4d52-4213-be1c-ea0d31e52280","value":{"ELEMENT":"597ae629-6019-4a42-804d-c37c088c99a6","element-6066-11e4-a52e-4f735466cecf":"597ae629-6019-4a42-804d-c37c088c99a6"}}
2021-06-19 16:09:11:006 [W3C (d56cadbd)] Responding to client with driver.findElement() result: {"element-6066-11e4-a52e-4f735466cecf":"597ae629-6019-4a42-804d-c37c088c99a6","ELEMENT":"597ae629-6019-4a42-804d-c37c088c99a6"}
2021-06-19 16:09:11:007 [HTTP] <-- POST /wd/hub/session/d56cadbd-152b-4306-91ce-e88e329a0588/element 200 42 ms - 137
2021-06-19 16:09:11:007 [HTTP] 
2021-06-19 16:09:11:010 [HTTP] --> GET /wd/hub/session/d56cadbd-152b-4306-91ce-e88e329a0588/element/597ae629-6019-4a42-804d-c37c088c99a6/displayed
2021-06-19 16:09:11:010 [HTTP] {}
2021-06-19 16:09:11:010 [W3C (d56cadbd)] Calling AppiumDriver.elementDisplayed() with args: ["597ae629-6019-4a42-804d-c37c088c99a6","d56cadbd-152b-4306-91ce-e88e329a0588"]
2021-06-19 16:09:11:011 [WD Proxy] Matched '/element/597ae629-6019-4a42-804d-c37c088c99a6/attribute/displayed' to command name 'getAttribute'
2021-06-19 16:09:11:011 [WD Proxy] Proxying [GET /element/597ae629-6019-4a42-804d-c37c088c99a6/attribute/displayed] to [GET http://127.0.0.1:10000/wd/hub/session/cc48600e-4d52-4213-be1c-ea0d31e52280/element/597ae629-6019-4a42-804d-c37c088c99a6/attribute/displayed] with no body
2021-06-19 16:09:11:450 [WD Proxy] Got response with status 200: {"sessionId":"cc48600e-4d52-4213-be1c-ea0d31e52280","value":"true"}
2021-06-19 16:09:11:450 [W3C (d56cadbd)] Responding to client with driver.elementDisplayed() result: true
2021-06-19 16:09:11:450 [HTTP] <-- GET /wd/hub/session/d56cadbd-152b-4306-91ce-e88e329a0588/element/597ae629-6019-4a42-804d-c37c088c99a6/displayed 200 441 ms - 14
2021-06-19 16:09:11:451 [HTTP] 
2021-06-19 16:09:11:452 [HTTP] --> GET /wd/hub/session/d56cadbd-152b-4306-91ce-e88e329a0588/context
2021-06-19 16:09:11:452 [HTTP] {}
2021-06-19 16:09:11:453 [W3C (d56cadbd)] Calling AppiumDriver.getCurrentContext() with args: ["d56cadbd-152b-4306-91ce-e88e329a0588"]
2021-06-19 16:09:11:453 [W3C (d56cadbd)] Responding to client with driver.getCurrentContext() result: "NATIVE_APP"
2021-06-19 16:09:11:454 [HTTP] <-- GET /wd/hub/session/d56cadbd-152b-4306-91ce-e88e329a0588/context 200 1 ms - 22
2021-06-19 16:09:11:454 [HTTP] 
2021-06-19 16:09:11:470 [HTTP] --> POST /wd/hub/session/d56cadbd-152b-4306-91ce-e88e329a0588/element
2021-06-19 16:09:11:470 [HTTP] {"using":"accessibility id","value":"test-Password"}
2021-06-19 16:09:11:470 [W3C (d56cadbd)] Calling AppiumDriver.findElement() with args: ["accessibility id","test-Password","d56cadbd-152b-4306-91ce-e88e329a0588"]
2021-06-19 16:09:11:471 [BaseDriver] Valid locator strategies for this request: xpath, id, class name, accessibility id, css selector, -android uiautomator
2021-06-19 16:09:11:471 [BaseDriver] Waiting up to 0 ms for condition
2021-06-19 16:09:11:471 [WD Proxy] Matched '/element' to command name 'findElement'
2021-06-19 16:09:11:471 [WD Proxy] Proxying [POST /element] to [POST http://127.0.0.1:10000/wd/hub/session/cc48600e-4d52-4213-be1c-ea0d31e52280/element] with body: {"strategy":"accessibility id","selector":"test-Password","context":"","multiple":false}
2021-06-19 16:09:11:498 [WD Proxy] Got response with status 200: {"sessionId":"cc48600e-4d52-4213-be1c-ea0d31e52280","value":{"ELEMENT":"1cacd0bf-7027-4763-86b4-5b923cd6a635","element-6066-11e4-a52e-4f735466cecf":"1cacd0bf-7027-4763-86b4-5b923cd6a635"}}
2021-06-19 16:09:11:498 [W3C (d56cadbd)] Responding to client with driver.findElement() result: {"element-6066-11e4-a52e-4f735466cecf":"1cacd0bf-7027-4763-86b4-5b923cd6a635","ELEMENT":"1cacd0bf-7027-4763-86b4-5b923cd6a635"}
2021-06-19 16:09:11:499 [HTTP] <-- POST /wd/hub/session/d56cadbd-152b-4306-91ce-e88e329a0588/element 200 29 ms - 137
2021-06-19 16:09:11:499 [HTTP] 
2021-06-19 16:09:11:522 [HTTP] --> POST /wd/hub/session/d56cadbd-152b-4306-91ce-e88e329a0588/element/1cacd0bf-7027-4763-86b4-5b923cd6a635/clear
2021-06-19 16:09:11:523 [HTTP] {"id":"1cacd0bf-7027-4763-86b4-5b923cd6a635"}
2021-06-19 16:09:11:523 [W3C (d56cadbd)] Calling AppiumDriver.clear() with args: ["1cacd0bf-7027-4763-86b4-5b923cd6a635","d56cadbd-152b-4306-91ce-e88e329a0588"]
2021-06-19 16:09:11:524 [WD Proxy] Matched '/element/1cacd0bf-7027-4763-86b4-5b923cd6a635/clear' to command name 'clear'
2021-06-19 16:09:11:524 [WD Proxy] Proxying [POST /element/1cacd0bf-7027-4763-86b4-5b923cd6a635/clear] to [POST http://127.0.0.1:10000/wd/hub/session/cc48600e-4d52-4213-be1c-ea0d31e52280/element/1cacd0bf-7027-4763-86b4-5b923cd6a635/clear] with body: {"elementId":"1cacd0bf-7027-4763-86b4-5b923cd6a635"}
2021-06-19 16:09:11:554 [WD Proxy] Got response with status 200: {"sessionId":"cc48600e-4d52-4213-be1c-ea0d31e52280","value":null}
2021-06-19 16:09:11:554 [W3C (d56cadbd)] Responding to client with driver.clear() result: null
2021-06-19 16:09:11:555 [HTTP] <-- POST /wd/hub/session/d56cadbd-152b-4306-91ce-e88e329a0588/element/1cacd0bf-7027-4763-86b4-5b923cd6a635/clear 200 32 ms - 14
2021-06-19 16:09:11:555 [HTTP] 
2021-06-19 16:09:11:557 [HTTP] --> GET /wd/hub/session/d56cadbd-152b-4306-91ce-e88e329a0588/context
2021-06-19 16:09:11:558 [HTTP] {}
2021-06-19 16:09:11:558 [W3C (d56cadbd)] Calling AppiumDriver.getCurrentContext() with args: ["d56cadbd-152b-4306-91ce-e88e329a0588"]
2021-06-19 16:09:11:558 [W3C (d56cadbd)] Responding to client with driver.getCurrentContext() result: "NATIVE_APP"
2021-06-19 16:09:11:559 [HTTP] <-- GET /wd/hub/session/d56cadbd-152b-4306-91ce-e88e329a0588/context 200 1 ms - 22
2021-06-19 16:09:11:559 [HTTP] 
2021-06-19 16:09:11:565 [HTTP] --> POST /wd/hub/session/d56cadbd-152b-4306-91ce-e88e329a0588/element
2021-06-19 16:09:11:566 [HTTP] {"using":"accessibility id","value":"test-Password"}
2021-06-19 16:09:11:566 [W3C (d56cadbd)] Calling AppiumDriver.findElement() with args: ["accessibility id","test-Password","d56cadbd-152b-4306-91ce-e88e329a0588"]
2021-06-19 16:09:11:566 [BaseDriver] Valid locator strategies for this request: xpath, id, class name, accessibility id, css selector, -android uiautomator
2021-06-19 16:09:11:566 [BaseDriver] Waiting up to 0 ms for condition
2021-06-19 16:09:11:567 [WD Proxy] Matched '/element' to command name 'findElement'
2021-06-19 16:09:11:567 [WD Proxy] Proxying [POST /element] to [POST http://127.0.0.1:10000/wd/hub/session/cc48600e-4d52-4213-be1c-ea0d31e52280/element] with body: {"strategy":"accessibility id","selector":"test-Password","context":"","multiple":false}
2021-06-19 16:09:12:061 [WD Proxy] Got response with status 200: {"sessionId":"cc48600e-4d52-4213-be1c-ea0d31e52280","value":{"ELEMENT":"d3a95eef-4fea-4044-912e-ee5d894b99cb","element-6066-11e4-a52e-4f735466cecf":"d3a95eef-4fea-4044-912e-ee5d894b99cb"}}
2021-06-19 16:09:12:061 [W3C (d56cadbd)] Responding to client with driver.findElement() result: {"element-6066-11e4-a52e-4f735466cecf":"d3a95eef-4fea-4044-912e-ee5d894b99cb","ELEMENT":"d3a95eef-4fea-4044-912e-ee5d894b99cb"}
2021-06-19 16:09:12:061 [HTTP] <-- POST /wd/hub/session/d56cadbd-152b-4306-91ce-e88e329a0588/element 200 496 ms - 137
2021-06-19 16:09:12:062 [HTTP] 
2021-06-19 16:09:12:064 [HTTP] --> GET /wd/hub/session/d56cadbd-152b-4306-91ce-e88e329a0588/element/d3a95eef-4fea-4044-912e-ee5d894b99cb/displayed
2021-06-19 16:09:12:064 [HTTP] {}
2021-06-19 16:09:12:064 [W3C (d56cadbd)] Calling AppiumDriver.elementDisplayed() with args: ["d3a95eef-4fea-4044-912e-ee5d894b99cb","d56cadbd-152b-4306-91ce-e88e329a0588"]
2021-06-19 16:09:12:064 [WD Proxy] Matched '/element/d3a95eef-4fea-4044-912e-ee5d894b99cb/attribute/displayed' to command name 'getAttribute'
2021-06-19 16:09:12:065 [WD Proxy] Proxying [GET /element/d3a95eef-4fea-4044-912e-ee5d894b99cb/attribute/displayed] to [GET http://127.0.0.1:10000/wd/hub/session/cc48600e-4d52-4213-be1c-ea0d31e52280/element/d3a95eef-4fea-4044-912e-ee5d894b99cb/attribute/displayed] with no body
2021-06-19 16:09:12:087 [WD Proxy] Got response with status 200: {"sessionId":"cc48600e-4d52-4213-be1c-ea0d31e52280","value":"true"}
2021-06-19 16:09:12:087 [W3C (d56cadbd)] Responding to client with driver.elementDisplayed() result: true
2021-06-19 16:09:12:089 [HTTP] <-- GET /wd/hub/session/d56cadbd-152b-4306-91ce-e88e329a0588/element/d3a95eef-4fea-4044-912e-ee5d894b99cb/displayed 200 24 ms - 14
2021-06-19 16:09:12:089 [HTTP] 
2021-06-19 16:09:12:092 [HTTP] --> GET /wd/hub/session/d56cadbd-152b-4306-91ce-e88e329a0588/context
2021-06-19 16:09:12:092 [HTTP] {}
2021-06-19 16:09:12:093 [W3C (d56cadbd)] Calling AppiumDriver.getCurrentContext() with args: ["d56cadbd-152b-4306-91ce-e88e329a0588"]
2021-06-19 16:09:12:093 [W3C (d56cadbd)] Responding to client with driver.getCurrentContext() result: "NATIVE_APP"
2021-06-19 16:09:12:094 [HTTP] <-- GET /wd/hub/session/d56cadbd-152b-4306-91ce-e88e329a0588/context 200 1 ms - 22
2021-06-19 16:09:12:094 [HTTP] 
2021-06-19 16:09:12:099 [HTTP] --> POST /wd/hub/session/d56cadbd-152b-4306-91ce-e88e329a0588/element
2021-06-19 16:09:12:099 [HTTP] {"using":"accessibility id","value":"test-Password"}
2021-06-19 16:09:12:100 [W3C (d56cadbd)] Calling AppiumDriver.findElement() with args: ["accessibility id","test-Password","d56cadbd-152b-4306-91ce-e88e329a0588"]
2021-06-19 16:09:12:100 [BaseDriver] Valid locator strategies for this request: xpath, id, class name, accessibility id, css selector, -android uiautomator
2021-06-19 16:09:12:101 [BaseDriver] Waiting up to 0 ms for condition
2021-06-19 16:09:12:102 [WD Proxy] Matched '/element' to command name 'findElement'
2021-06-19 16:09:12:103 [WD Proxy] Proxying [POST /element] to [POST http://127.0.0.1:10000/wd/hub/session/cc48600e-4d52-4213-be1c-ea0d31e52280/element] with body: {"strategy":"accessibility id","selector":"test-Password","context":"","multiple":false}
2021-06-19 16:09:12:138 [WD Proxy] Got response with status 200: {"sessionId":"cc48600e-4d52-4213-be1c-ea0d31e52280","value":{"ELEMENT":"f6511a49-3a57-4e11-a51e-7ecb31439e4f","element-6066-11e4-a52e-4f735466cecf":"f6511a49-3a57-4e11-a51e-7ecb31439e4f"}}
2021-06-19 16:09:12:138 [W3C (d56cadbd)] Responding to client with driver.findElement() result: {"element-6066-11e4-a52e-4f735466cecf":"f6511a49-3a57-4e11-a51e-7ecb31439e4f","ELEMENT":"f6511a49-3a57-4e11-a51e-7ecb31439e4f"}
2021-06-19 16:09:12:139 [HTTP] <-- POST /wd/hub/session/d56cadbd-152b-4306-91ce-e88e329a0588/element 200 40 ms - 137
2021-06-19 16:09:12:139 [HTTP] 
2021-06-19 16:09:12:145 [HTTP] --> POST /wd/hub/session/d56cadbd-152b-4306-91ce-e88e329a0588/element/f6511a49-3a57-4e11-a51e-7ecb31439e4f/value
2021-06-19 16:09:12:145 [HTTP] {"id":"f6511a49-3a57-4e11-a51e-7ecb31439e4f","text":"secret_sauce","value":["s","e","c","r","e","t","_","s","a","u","c","e"]}
2021-06-19 16:09:12:145 [W3C (d56cadbd)] Calling AppiumDriver.setValue() with args: [["s","e","c","r","e","t","_","s","a","u","c","e"],"f6511a49-3a57-4e11-a51e-7ecb31439e4f","d56cadbd-152b-4306-91ce-e88e329a0588"]
2021-06-19 16:09:12:146 [WD Proxy] Matched '/element/f6511a49-3a57-4e11-a51e-7ecb31439e4f/value' to command name 'setValue'
2021-06-19 16:09:12:146 [Protocol Converter] Added 'value' property ["s","e","c","r","e","t","_","s","a","u","c","e"] to 'setValue' request body
2021-06-19 16:09:12:146 [WD Proxy] Proxying [POST /element/f6511a49-3a57-4e11-a51e-7ecb31439e4f/value] to [POST http://127.0.0.1:10000/wd/hub/session/cc48600e-4d52-4213-be1c-ea0d31e52280/element/f6511a49-3a57-4e11-a51e-7ecb31439e4f/value] with body: {"elementId":"f6511a49-3a57-4e11-a51e-7ecb31439e4f","text":"secret_sauce","replace":false,"value":["s","e","c","r","e","t","_","s","a","u","c","e"]}
2021-06-19 16:09:12:686 [WD Proxy] Got response with status 200: {"sessionId":"cc48600e-4d52-4213-be1c-ea0d31e52280","value":null}
2021-06-19 16:09:12:686 [W3C (d56cadbd)] Responding to client with driver.setValue() result: null
2021-06-19 16:09:12:686 [HTTP] <-- POST /wd/hub/session/d56cadbd-152b-4306-91ce-e88e329a0588/element/f6511a49-3a57-4e11-a51e-7ecb31439e4f/value 200 541 ms - 14
2021-06-19 16:09:12:687 [HTTP] 
2021-06-19 16:09:12:691 [HTTP] --> GET /wd/hub/session/d56cadbd-152b-4306-91ce-e88e329a0588/context
2021-06-19 16:09:12:692 [HTTP] {}
2021-06-19 16:09:12:692 [W3C (d56cadbd)] Calling AppiumDriver.getCurrentContext() with args: ["d56cadbd-152b-4306-91ce-e88e329a0588"]
2021-06-19 16:09:12:694 [W3C (d56cadbd)] Responding to client with driver.getCurrentContext() result: "NATIVE_APP"
2021-06-19 16:09:12:694 [HTTP] <-- GET /wd/hub/session/d56cadbd-152b-4306-91ce-e88e329a0588/context 200 3 ms - 22
2021-06-19 16:09:12:694 [HTTP] 
2021-06-19 16:09:12:708 [HTTP] --> POST /wd/hub/session/d56cadbd-152b-4306-91ce-e88e329a0588/element
2021-06-19 16:09:12:708 [HTTP] {"using":"accessibility id","value":"test-LOGIN"}
2021-06-19 16:09:12:709 [W3C (d56cadbd)] Calling AppiumDriver.findElement() with args: ["accessibility id","test-LOGIN","d56cadbd-152b-4306-91ce-e88e329a0588"]
2021-06-19 16:09:12:709 [BaseDriver] Valid locator strategies for this request: xpath, id, class name, accessibility id, css selector, -android uiautomator
2021-06-19 16:09:12:709 [BaseDriver] Waiting up to 0 ms for condition
2021-06-19 16:09:12:709 [WD Proxy] Matched '/element' to command name 'findElement'
2021-06-19 16:09:12:709 [WD Proxy] Proxying [POST /element] to [POST http://127.0.0.1:10000/wd/hub/session/cc48600e-4d52-4213-be1c-ea0d31e52280/element] with body: {"strategy":"accessibility id","selector":"test-LOGIN","context":"","multiple":false}
2021-06-19 16:09:13:202 [WD Proxy] Got response with status 200: {"sessionId":"cc48600e-4d52-4213-be1c-ea0d31e52280","value":{"ELEMENT":"90a67fed-3499-4e9b-b342-bb76c053de8d","element-6066-11e4-a52e-4f735466cecf":"90a67fed-3499-4e9b-b342-bb76c053de8d"}}
2021-06-19 16:09:13:202 [W3C (d56cadbd)] Responding to client with driver.findElement() result: {"element-6066-11e4-a52e-4f735466cecf":"90a67fed-3499-4e9b-b342-bb76c053de8d","ELEMENT":"90a67fed-3499-4e9b-b342-bb76c053de8d"}
2021-06-19 16:09:13:203 [HTTP] <-- POST /wd/hub/session/d56cadbd-152b-4306-91ce-e88e329a0588/element 200 494 ms - 137
2021-06-19 16:09:13:203 [HTTP] 
2021-06-19 16:09:13:206 [HTTP] --> GET /wd/hub/session/d56cadbd-152b-4306-91ce-e88e329a0588/element/90a67fed-3499-4e9b-b342-bb76c053de8d/displayed
2021-06-19 16:09:13:206 [HTTP] {}
2021-06-19 16:09:13:206 [W3C (d56cadbd)] Calling AppiumDriver.elementDisplayed() with args: ["90a67fed-3499-4e9b-b342-bb76c053de8d","d56cadbd-152b-4306-91ce-e88e329a0588"]
2021-06-19 16:09:13:207 [WD Proxy] Matched '/element/90a67fed-3499-4e9b-b342-bb76c053de8d/attribute/displayed' to command name 'getAttribute'
2021-06-19 16:09:13:207 [WD Proxy] Proxying [GET /element/90a67fed-3499-4e9b-b342-bb76c053de8d/attribute/displayed] to [GET http://127.0.0.1:10000/wd/hub/session/cc48600e-4d52-4213-be1c-ea0d31e52280/element/90a67fed-3499-4e9b-b342-bb76c053de8d/attribute/displayed] with no body
2021-06-19 16:09:13:223 [WD Proxy] Got response with status 200: {"sessionId":"cc48600e-4d52-4213-be1c-ea0d31e52280","value":"true"}
2021-06-19 16:09:13:224 [W3C (d56cadbd)] Responding to client with driver.elementDisplayed() result: true
2021-06-19 16:09:13:225 [HTTP] <-- GET /wd/hub/session/d56cadbd-152b-4306-91ce-e88e329a0588/element/90a67fed-3499-4e9b-b342-bb76c053de8d/displayed 200 19 ms - 14
2021-06-19 16:09:13:226 [HTTP] 
2021-06-19 16:09:13:228 [HTTP] --> GET /wd/hub/session/d56cadbd-152b-4306-91ce-e88e329a0588/context
2021-06-19 16:09:13:228 [HTTP] {}
2021-06-19 16:09:13:228 [W3C (d56cadbd)] Calling AppiumDriver.getCurrentContext() with args: ["d56cadbd-152b-4306-91ce-e88e329a0588"]
2021-06-19 16:09:13:229 [W3C (d56cadbd)] Responding to client with driver.getCurrentContext() result: "NATIVE_APP"
2021-06-19 16:09:13:229 [HTTP] <-- GET /wd/hub/session/d56cadbd-152b-4306-91ce-e88e329a0588/context 200 1 ms - 22
2021-06-19 16:09:13:229 [HTTP] 
2021-06-19 16:09:13:244 [HTTP] --> POST /wd/hub/session/d56cadbd-152b-4306-91ce-e88e329a0588/element
2021-06-19 16:09:13:244 [HTTP] {"using":"accessibility id","value":"test-LOGIN"}
2021-06-19 16:09:13:245 [W3C (d56cadbd)] Calling AppiumDriver.findElement() with args: ["accessibility id","test-LOGIN","d56cadbd-152b-4306-91ce-e88e329a0588"]
2021-06-19 16:09:13:245 [BaseDriver] Valid locator strategies for this request: xpath, id, class name, accessibility id, css selector, -android uiautomator
2021-06-19 16:09:13:245 [BaseDriver] Waiting up to 0 ms for condition
2021-06-19 16:09:13:245 [WD Proxy] Matched '/element' to command name 'findElement'
2021-06-19 16:09:13:246 [WD Proxy] Proxying [POST /element] to [POST http://127.0.0.1:10000/wd/hub/session/cc48600e-4d52-4213-be1c-ea0d31e52280/element] with body: {"strategy":"accessibility id","selector":"test-LOGIN","context":"","multiple":false}
2021-06-19 16:09:13:273 [WD Proxy] Got response with status 200: {"sessionId":"cc48600e-4d52-4213-be1c-ea0d31e52280","value":{"ELEMENT":"105ed8f4-1e5c-4816-ae85-4ec5f1234155","element-6066-11e4-a52e-4f735466cecf":"105ed8f4-1e5c-4816-ae85-4ec5f1234155"}}
2021-06-19 16:09:13:274 [W3C (d56cadbd)] Responding to client with driver.findElement() result: {"element-6066-11e4-a52e-4f735466cecf":"105ed8f4-1e5c-4816-ae85-4ec5f1234155","ELEMENT":"105ed8f4-1e5c-4816-ae85-4ec5f1234155"}
2021-06-19 16:09:13:274 [HTTP] <-- POST /wd/hub/session/d56cadbd-152b-4306-91ce-e88e329a0588/element 200 30 ms - 137
2021-06-19 16:09:13:274 [HTTP] 
2021-06-19 16:09:13:290 [HTTP] --> POST /wd/hub/session/d56cadbd-152b-4306-91ce-e88e329a0588/element/105ed8f4-1e5c-4816-ae85-4ec5f1234155/click
2021-06-19 16:09:13:290 [HTTP] {"id":"105ed8f4-1e5c-4816-ae85-4ec5f1234155"}
2021-06-19 16:09:13:291 [W3C (d56cadbd)] Calling AppiumDriver.click() with args: ["105ed8f4-1e5c-4816-ae85-4ec5f1234155","d56cadbd-152b-4306-91ce-e88e329a0588"]
2021-06-19 16:09:13:291 [WD Proxy] Matched '/element/105ed8f4-1e5c-4816-ae85-4ec5f1234155/click' to command name 'click'
2021-06-19 16:09:13:291 [WD Proxy] Proxying [POST /element/105ed8f4-1e5c-4816-ae85-4ec5f1234155/click] to [POST http://127.0.0.1:10000/wd/hub/session/cc48600e-4d52-4213-be1c-ea0d31e52280/element/105ed8f4-1e5c-4816-ae85-4ec5f1234155/click] with body: {"element":"105ed8f4-1e5c-4816-ae85-4ec5f1234155"}
2021-06-19 16:09:13:989 [WD Proxy] Got response with status 200: {"sessionId":"cc48600e-4d52-4213-be1c-ea0d31e52280","value":null}
2021-06-19 16:09:13:989 [W3C (d56cadbd)] Responding to client with driver.click() result: null
2021-06-19 16:09:13:990 [HTTP] <-- POST /wd/hub/session/d56cadbd-152b-4306-91ce-e88e329a0588/element/105ed8f4-1e5c-4816-ae85-4ec5f1234155/click 200 699 ms - 14
2021-06-19 16:09:13:990 [HTTP] 
2021-06-19 16:09:14:075 [HTTP] --> GET /wd/hub/session/d56cadbd-152b-4306-91ce-e88e329a0588/context
2021-06-19 16:09:14:075 [HTTP] {}
2021-06-19 16:09:14:076 [W3C (d56cadbd)] Calling AppiumDriver.getCurrentContext() with args: ["d56cadbd-152b-4306-91ce-e88e329a0588"]
2021-06-19 16:09:14:076 [W3C (d56cadbd)] Responding to client with driver.getCurrentContext() result: "NATIVE_APP"
2021-06-19 16:09:14:076 [HTTP] <-- GET /wd/hub/session/d56cadbd-152b-4306-91ce-e88e329a0588/context 200 1 ms - 22
2021-06-19 16:09:14:077 [HTTP] 
2021-06-19 16:09:14:092 [HTTP] --> POST /wd/hub/session/d56cadbd-152b-4306-91ce-e88e329a0588/element
2021-06-19 16:09:14:092 [HTTP] {"using":"xpath","value":"//android.view.ViewGroup[@content-desc=\"test-Error message\"]/android.widget.TextView"}
2021-06-19 16:09:14:092 [W3C (d56cadbd)] Calling AppiumDriver.findElement() with args: ["xpath","//android.view.ViewGroup[@content-desc=\"test-Error message\"]/android.widget.TextView","d56cadbd-152b-4306-91ce-e88e329a0588"]
2021-06-19 16:09:14:092 [BaseDriver] Valid locator strategies for this request: xpath, id, class name, accessibility id, css selector, -android uiautomator
2021-06-19 16:09:14:093 [BaseDriver] Waiting up to 0 ms for condition
2021-06-19 16:09:14:094 [WD Proxy] Matched '/element' to command name 'findElement'
2021-06-19 16:09:14:094 [WD Proxy] Proxying [POST /element] to [POST http://127.0.0.1:10000/wd/hub/session/cc48600e-4d52-4213-be1c-ea0d31e52280/element] with body: {"strategy":"xpath","selector":"//android.view.ViewGroup[@content-desc=\"test-Error message\"]/android.widget.TextView","context":"","multiple":false}
2021-06-19 16:09:16:041 [WD Proxy] Got response with status 200: {"sessionId":"cc48600e-4d52-4213-be1c-ea0d31e52280","value":{"ELEMENT":"3c269a4f-d791-45ef-9aa0-a54242abdbe6","element-6066-11e4-a52e-4f735466cecf":"3c269a4f-d791-45ef-9aa0-a54242abdbe6"}}
2021-06-19 16:09:16:042 [W3C (d56cadbd)] Responding to client with driver.findElement() result: {"element-6066-11e4-a52e-4f735466cecf":"3c269a4f-d791-45ef-9aa0-a54242abdbe6","ELEMENT":"3c269a4f-d791-45ef-9aa0-a54242abdbe6"}
2021-06-19 16:09:16:042 [HTTP] <-- POST /wd/hub/session/d56cadbd-152b-4306-91ce-e88e329a0588/element 200 1950 ms - 137
2021-06-19 16:09:16:042 [HTTP] 
2021-06-19 16:09:16:047 [HTTP] --> GET /wd/hub/session/d56cadbd-152b-4306-91ce-e88e329a0588/element/3c269a4f-d791-45ef-9aa0-a54242abdbe6/displayed
2021-06-19 16:09:16:047 [HTTP] {}
2021-06-19 16:09:16:047 [W3C (d56cadbd)] Calling AppiumDriver.elementDisplayed() with args: ["3c269a4f-d791-45ef-9aa0-a54242abdbe6","d56cadbd-152b-4306-91ce-e88e329a0588"]
2021-06-19 16:09:16:048 [WD Proxy] Matched '/element/3c269a4f-d791-45ef-9aa0-a54242abdbe6/attribute/displayed' to command name 'getAttribute'
2021-06-19 16:09:16:048 [WD Proxy] Proxying [GET /element/3c269a4f-d791-45ef-9aa0-a54242abdbe6/attribute/displayed] to [GET http://127.0.0.1:10000/wd/hub/session/cc48600e-4d52-4213-be1c-ea0d31e52280/element/3c269a4f-d791-45ef-9aa0-a54242abdbe6/attribute/displayed] with no body
2021-06-19 16:09:16:066 [WD Proxy] Got response with status 200: {"sessionId":"cc48600e-4d52-4213-be1c-ea0d31e52280","value":"true"}
2021-06-19 16:09:16:066 [W3C (d56cadbd)] Responding to client with driver.elementDisplayed() result: true
2021-06-19 16:09:16:067 [HTTP] <-- GET /wd/hub/session/d56cadbd-152b-4306-91ce-e88e329a0588/element/3c269a4f-d791-45ef-9aa0-a54242abdbe6/displayed 200 20 ms - 14
2021-06-19 16:09:16:067 [HTTP] 
2021-06-19 16:09:16:069 [HTTP] --> GET /wd/hub/session/d56cadbd-152b-4306-91ce-e88e329a0588/context
2021-06-19 16:09:16:069 [HTTP] {}
2021-06-19 16:09:16:069 [W3C (d56cadbd)] Calling AppiumDriver.getCurrentContext() with args: ["d56cadbd-152b-4306-91ce-e88e329a0588"]
2021-06-19 16:09:16:070 [W3C (d56cadbd)] Responding to client with driver.getCurrentContext() result: "NATIVE_APP"
2021-06-19 16:09:16:071 [HTTP] <-- GET /wd/hub/session/d56cadbd-152b-4306-91ce-e88e329a0588/context 200 1 ms - 22
2021-06-19 16:09:16:071 [HTTP] 
2021-06-19 16:09:16:087 [HTTP] --> POST /wd/hub/session/d56cadbd-152b-4306-91ce-e88e329a0588/element
2021-06-19 16:09:16:087 [HTTP] {"using":"xpath","value":"//android.view.ViewGroup[@content-desc=\"test-Error message\"]/android.widget.TextView"}
2021-06-19 16:09:16:087 [W3C (d56cadbd)] Calling AppiumDriver.findElement() with args: ["xpath","//android.view.ViewGroup[@content-desc=\"test-Error message\"]/android.widget.TextView","d56cadbd-152b-4306-91ce-e88e329a0588"]
2021-06-19 16:09:16:087 [BaseDriver] Valid locator strategies for this request: xpath, id, class name, accessibility id, css selector, -android uiautomator
2021-06-19 16:09:16:088 [BaseDriver] Waiting up to 0 ms for condition
2021-06-19 16:09:16:088 [WD Proxy] Matched '/element' to command name 'findElement'
2021-06-19 16:09:16:088 [WD Proxy] Proxying [POST /element] to [POST http://127.0.0.1:10000/wd/hub/session/cc48600e-4d52-4213-be1c-ea0d31e52280/element] with body: {"strategy":"xpath","selector":"//android.view.ViewGroup[@content-desc=\"test-Error message\"]/android.widget.TextView","context":"","multiple":false}
2021-06-19 16:09:16:193 [WD Proxy] Got response with status 200: {"sessionId":"cc48600e-4d52-4213-be1c-ea0d31e52280","value":{"ELEMENT":"bb19a405-8940-4b57-8a28-fd243941cd55","element-6066-11e4-a52e-4f735466cecf":"bb19a405-8940-4b57-8a28-fd243941cd55"}}
2021-06-19 16:09:16:194 [W3C (d56cadbd)] Responding to client with driver.findElement() result: {"element-6066-11e4-a52e-4f735466cecf":"bb19a405-8940-4b57-8a28-fd243941cd55","ELEMENT":"bb19a405-8940-4b57-8a28-fd243941cd55"}
2021-06-19 16:09:16:194 [HTTP] <-- POST /wd/hub/session/d56cadbd-152b-4306-91ce-e88e329a0588/element 200 107 ms - 137
2021-06-19 16:09:16:194 [HTTP] 
2021-06-19 16:09:16:206 [HTTP] --> GET /wd/hub/session/d56cadbd-152b-4306-91ce-e88e329a0588/element/bb19a405-8940-4b57-8a28-fd243941cd55/attribute/text
2021-06-19 16:09:16:206 [HTTP] {}
2021-06-19 16:09:16:207 [W3C (d56cadbd)] Calling AppiumDriver.getAttribute() with args: ["text","bb19a405-8940-4b57-8a28-fd243941cd55","d56cadbd-152b-4306-91ce-e88e329a0588"]
2021-06-19 16:09:16:208 [WD Proxy] Matched '/element/bb19a405-8940-4b57-8a28-fd243941cd55/attribute/text' to command name 'getAttribute'
2021-06-19 16:09:16:208 [WD Proxy] Proxying [GET /element/bb19a405-8940-4b57-8a28-fd243941cd55/attribute/text] to [GET http://127.0.0.1:10000/wd/hub/session/cc48600e-4d52-4213-be1c-ea0d31e52280/element/bb19a405-8940-4b57-8a28-fd243941cd55/attribute/text] with no body
2021-06-19 16:09:16:228 [WD Proxy] Got response with status 200: {"sessionId":"cc48600e-4d52-4213-be1c-ea0d31e52280","value":"Username and password do not match any user in this service."}
2021-06-19 16:09:16:229 [W3C (d56cadbd)] Responding to client with driver.getAttribute() result: "Username and password do not match any user in this service."
2021-06-19 16:09:16:230 [HTTP] <-- GET /wd/hub/session/d56cadbd-152b-4306-91ce-e88e329a0588/element/bb19a405-8940-4b57-8a28-fd243941cd55/attribute/text 200 23 ms - 72
2021-06-19 16:09:16:230 [HTTP] 
2021-06-19 16:09:16:244 [HTTP] --> GET /wd/hub/session/d56cadbd-152b-4306-91ce-e88e329a0588/screenshot
2021-06-19 16:09:16:245 [HTTP] {}
2021-06-19 16:09:16:246 [W3C (d56cadbd)] Calling AppiumDriver.getScreenshot() with args: ["d56cadbd-152b-4306-91ce-e88e329a0588"]
2021-06-19 16:09:16:247 [WD Proxy] Matched '/screenshot' to command name 'getScreenshot'
2021-06-19 16:09:16:248 [WD Proxy] Proxying [GET /screenshot] to [GET http://127.0.0.1:10000/wd/hub/session/cc48600e-4d52-4213-be1c-ea0d31e52280/screenshot] with no body
2021-06-19 16:09:17:351 [WD Proxy] Got response with status 200: {"sessionId":"cc48600e-4d52-4213-be1c-ea0d31e52280","value":"iVBORw0KGgoAAAANSUhEUgAABaAAAAvgCAYAAAD3x5X5AAAABHNCSVQICAgIfAhkiAAAIABJREFU\neJzs3XuQlfV9+PHP2fuFZbmIcocERG6ComCgQogGGotGNCZpjEk6tiZNW1vNxGnamJpkMqbTW2qb\ndJJ0jEosxiSO1YhR0RoEFDTeFZCb3EHuLOyysJfn94ez/MQ9u+yy52GX9fWacRLPnvM8313Nbnif\n736+mVtuuSUJAAAAAADIsbzOXgAAAAAAAN2TAA0AAAAAQCoEaAAAAAAAUiFAAwAAAACQCgEaAAAA\nAIBUCNAAAAAAAKRCgAYAAAAAIBUCNAAAAAAAqRCgAQAAAABIhQANAAAAAEAqBGgAAAAAAFIhQAMA\nAAAAkAoBGgAAAACAVAjQAAAAAACkQoAGAAAAACAVAjQAAAAAAKkQoAEAAAAASIUADQAAAABAKgRo\nAAAAAABSIUADAAAAAJAKARoAAAAAgFQI0AAAAAAApEKABgAAAAAgFQI0AAAAAACpEKABAAAAAEiF\nAA0AAAAAQCoEaAAAAAAAUiFAAwAAAACQCgEaAAAAAIBUCNAAAAAAAKRCgAYAAAAAIBUCNAAAAAAA\nqRCgAQAAAABIhQANAAAAAEAqBGgAAAAAAFIhQAMAAAAAkAoBGgAAAACAVAjQAAAAAACkQoAGAAAA\nACAVAjQAAAAAAKkQoAEAAAAASIUADQAAAABAKgRoAAAAAABSIUADAAAAAJAKARoAAAAAgFQI0AAA\nAAAApEKABgAAAAAgFQI0AAAAAACpEKABAAAAAEiFAA0AAAAAQCoEaAAAAAAAUiFAAwAAAACQCgEa\nAAAAAIBUCNAAAAAAAKRCgAYAAAAAIBUCNAAAAAAAqRCgAQAAAABIhQANAAAAAEAqBGgAAAAAAFJR\n0NkLAOioTCYTPXv2jLFjx8a5...
2021-06-19 16:09:17:353 [W3C (d56cadbd)] Responding to client with driver.getScreenshot() result: "iVBORw0KGgoAAAANSUhEUgAABaAAAAvgCAYAAAD3x5X5AAAABHNCSVQICAgIfAhkiAAAIABJREFU\neJzs3XuQlfV9+PHP2fuFZbmIcocERG6ComCgQogGGotGNCZpjEk6tiZNW1vNxGnamJpkMqbTW2qb\ndJJ0jEosxiSO1YhR0RoEFDTeFZCb3EHuLOyysJfn94ez/MQ9u+yy52GX9fWacRLPnvM8313Nbnif\n736+mVtuuSUJAAAAAADIsbzOXgAAAAAAAN2TAA0AAAAAQCoEaAAAAAAAUiFAAwAAAACQCgEaAAAA\nAIBUCNAAAAAAAKRCgAYAAAAAIBUCNAAAAAAAqRCgAQAAAABIhQANAAAAAEAqBGgAAAAAAFIhQAMA\nAAAAkAoBGgAAAACAVAjQAAAAAACkQoAGAAAAACAVAjQAAAAAAKkQoAEAAAAASIUADQAAAABAKgRo\nAAAAAABSIUADAAAAAJAKARoAAAAAgFQI0AAAAAAApEKABgAAAAAgFQI0AAAAAACpEKABAAAAAEiF\nAA0AAAAAQCoEaAAAAAAAUiFAAwAAAACQCgEaAAAAAIBUCNAAAAAAAKRCgAYAAAAAIBUCNAAAAAAA\nqRCgAQAAAABIhQANAAAAAEAqBGgAAAAAAFIhQAMAAAAAkAoBGgAAAACAVAjQAAAAAACkQoAGAAAA\nACAVAjQAAAAAAKkQoAEAAAAASIUADQAAAABAKgRoAAAAAABSIUADAAAAAJAKARoAAAAAgFQI0AAA\nAAAApEKABgAAAAAgFQI0AAAAAACpEKABAAAAAEiFAA0AAAAAQCoEaAAAAAAAUiFAAwAAAACQCgEa\nAAAAAIBUCNAAAAAAAKRCgAYAAAAAIBUCNAAAAAAAqRCgAQAAAABIhQANAAAAAEAqBGgAAAAAAFJR\n0NkLAOioTCYTPXv2jLFjx8a5554bAwcOjNLS0haff+DAgdi8eXO8/PLLsW7duqitrY0kSU7higEA\nAAA+GA...
2021-06-19 16:09:17:357 [HTTP] <-- GET /wd/hub/session/d56cadbd-152b-4306-91ce-e88e329a0588/screenshot 200 1113 ms - 484766
2021-06-19 16:09:17:358 [HTTP] 
2021-06-19 16:09:17:504 [HTTP] --> POST /wd/hub/session/d56cadbd-152b-4306-91ce-e88e329a0588/appium/stop_recording_screen
2021-06-19 16:09:17:504 [HTTP] {}
2021-06-19 16:09:17:505 [W3C (d56cadbd)] Calling AppiumDriver.stopRecordingScreen() with args: [null,"d56cadbd-152b-4306-91ce-e88e329a0588"]
2021-06-19 16:09:17:505 [ADB] Getting IDs of all 'screenrecord' processes
2021-06-19 16:09:17:505 [ADB] Running 'C:\Users\Qadir\AppData\Local\Android\Sdk\platform-tools\adb.exe -P 5037 -s emulator-5554 shell pgrep -f \(\[\[:blank:\]\]\|\^\)screenrecord\(\[\[:blank:\]\]\|\$\)'
2021-06-19 16:09:17:581 [ADB] Running 'C:\Users\Qadir\AppData\Local\Android\Sdk\platform-tools\adb.exe -P 5037 -s emulator-5554 pull /sdcard/ae940bfa.mp4 C:\Users\Qadir\AppData\Local\Temp\2021519-1460-tfuvdz.ak0mp\ae940bfa.mp4'
2021-06-19 16:09:18:673 [ADB] Running 'C:\Users\Qadir\AppData\Local\Android\Sdk\platform-tools\adb.exe -P 5037 -s emulator-5554 shell rm -rf /sdcard/ae940bfa.mp4'
2021-06-19 16:09:18:714 [AndroidDriver] The size of the resulting screen recording is 0 B
2021-06-19 16:09:18:720 [W3C (d56cadbd)] Responding to client with driver.stopRecordingScreen() result: ""
2021-06-19 16:09:18:721 [HTTP] <-- POST /wd/hub/session/d56cadbd-152b-4306-91ce-e88e329a0588/appium/stop_recording_screen 200 1217 ms - 12
2021-06-19 16:09:18:722 [HTTP] 
2021-06-19 16:09:47:193 [HTTP] --> DELETE /wd/hub/session/d56cadbd-152b-4306-91ce-e88e329a0588
2021-06-19 16:09:47:193 [HTTP] {}
2021-06-19 16:09:47:194 [W3C (d56cadbd)] Calling AppiumDriver.deleteSession() with args: ["d56cadbd-152b-4306-91ce-e88e329a0588"]
2021-06-19 16:09:47:194 [BaseDriver] Event 'quitSessionRequested' logged at 1624118987194 (12:09:47 GMT-0400 (Eastern Daylight Time))
2021-06-19 16:09:47:195 [Appium] Removing session d56cadbd-152b-4306-91ce-e88e329a0588 from our master session list
2021-06-19 16:09:47:196 [UiAutomator2] Deleting UiAutomator2 session
2021-06-19 16:09:47:197 [UiAutomator2] Deleting UiAutomator2 server session
2021-06-19 16:09:47:198 [WD Proxy] Matched '/' to command name 'deleteSession'
2021-06-19 16:09:47:198 [WD Proxy] Proxying [DELETE /] to [DELETE http://127.0.0.1:10000/wd/hub/session/cc48600e-4d52-4213-be1c-ea0d31e52280] with no body
2021-06-19 16:09:47:259 [WD Proxy] Got response with status 200: {"sessionId":"cc48600e-4d52-4213-be1c-ea0d31e52280","value":null}
2021-06-19 16:09:47:259 [ADB] Running 'C:\Users\Qadir\AppData\Local\Android\Sdk\platform-tools\adb.exe -P 5037 -s emulator-5554 shell am force-stop com.swaglabsmobileapp'
2021-06-19 16:09:47:741 [Instrumentation] .
2021-06-19 16:09:48:880 [Logcat] Stopping logcat capture
2021-06-19 16:09:48:885 [ADB] Removing forwarded port socket connection: 10000 
2021-06-19 16:09:48:887 [ADB] Running 'C:\Users\Qadir\AppData\Local\Android\Sdk\platform-tools\adb.exe -P 5037 -s emulator-5554 forward --remove tcp:10000'
2021-06-19 16:09:48:963 [UiAutomator2] Unable to remove system port forward: Error executing adbExec. Original error: 'Command 'C:\\Users\\Qadir\\AppData\\Local\\Android\\Sdk\\platform-tools\\adb.exe -P 5037 -s emulator-5554 forward --remove tcp\:10000' exited with code 1'; Stderr: 'adb.exe: error: listener 'tcp:10000' not found'; Code: '1'
2021-06-19 16:09:48:963 [UiAutomator2] Restoring hidden api policy to the device default configuration
2021-06-19 16:09:48:963 [ADB] Running 'C:\Users\Qadir\AppData\Local\Android\Sdk\platform-tools\adb.exe -P 5037 -s emulator-5554 shell 'settings delete global hidden_api_policy_pre_p_apps;settings delete global hidden_api_policy_p_apps;settings delete global hidden_api_policy''
2021-06-19 16:09:49:110 [BaseDriver] Event 'quitSessionFinished' logged at 1624118989110 (12:09:49 GMT-0400 (Eastern Daylight Time))
2021-06-19 16:09:49:110 [W3C (d56cadbd)] Received response: null
2021-06-19 16:09:49:111 [W3C (d56cadbd)] But deleting session, so not returning
2021-06-19 16:09:49:111 [W3C (d56cadbd)] Responding to client with driver.deleteSession() result: null
2021-06-19 16:09:49:111 [HTTP] <-- DELETE /wd/hub/session/d56cadbd-152b-4306-91ce-e88e329a0588 200 1918 ms - 14
2021-06-19 16:09:49:111 [HTTP] 
